<?xml version="1.0" encoding="UTF-8"?>
<!-- Generated by org.testng.reporters.JUnitXMLReporter -->
<testsuite ignored="0" hostname="Gautam" failures="0" tests="5" name="Default test" time="35.191" errors="0" timestamp="2025-04-29T17:56:30 IST">
  <testcase classname="homeTestCases.navigationsIphone" name="chooseReward" time="20.048"/>
  <testcase classname="homeTestCases.navigationsIphone" name="gameRules" time="0.419"/>
  <testcase classname="homeTestCases.navigationsIphone" name="historyPage" time="2.261"/>
  <testcase classname="homeTestCases.navigationsIphone" name="storeNavigation" time="5.137"/>
  <testcase classname="homeTestCases.navigationsIphone" name="settingsNavigations" time="0.897"/>
</testsuite> <!-- Default test -->
