<?xml version="1.0" encoding="UTF-8"?>
<!-- Generated by org.testng.reporters.JUnitXMLReporter -->
<testsuite ignored="0" hostname="Gautam" failures="11" tests="12" name="Android Tests" time="53.032" errors="0" timestamp="2025-04-29T17:31:12 IST">
  <testcase classname="homeTestCases.navigationsAndroid" name="testChooseReward" time="30.459">
    <failure type="com.microsoft.playwright.impl.TargetClosedError" message="Error {
  message=&amp;apos;Target page, context or browser has been closed
  name=&amp;apos;TargetClosedError
  stack=&amp;apos;TargetClosedError:Target page, context or browser has been closed
Error
    at captureRawStack (C:\Users\gauta\AppData\Local\Temp\playwright-java-7300592778215919104\package\lib\utils\isomorphic\stackTrace.js:36:17)
    at LongStandingScope._race (C:\Users\gauta\AppData\Local\Temp\playwright-java-7300592778215919104\package\lib\utils\isomorphic\manualPromise.js:89:52)
    at LongStandingScope.race (C:\Users\gauta\AppData\Local\Temp\playwright-java-7300592778215919104\package\lib\utils\isomorphic\manualPromise.js:82:17)
    at C:\Users\gauta\AppData\Local\Temp\playwright-java-7300592778215919104\package\lib\utils\isomorphic\manualPromise.js:79:43
    at Array.map (&amp;lt;anonymous&amp;gt;)
    at LongStandingScope.raceMultiple (C:\Users\gauta\AppData\Local\Temp\playwright-java-7300592778215919104\package\lib\utils\isomorphic\manualPromise.js:79:32)
    at Frame.retryWithProgressAndTimeouts (C:\Users\gauta\AppData\Local\Temp\playwright-java-7300592778215919104\package\lib\server\frames.js:931:40)
    at async C:\Users\gauta\AppData\Local\Temp\playwright-java-7300592778215919104\package\lib\server\frames.js:1023:29
    at async ProgressController.run (C:\Users\gauta\AppData\Local\Temp\playwright-java-7300592778215919104\package\lib\server\progress.js:79:22)
    at async FrameDispatcher.click (C:\Users\gauta\AppData\Local\Temp\playwright-java-7300592778215919104\package\lib\server\dispatchers\frameDispatcher.js:157:12)
    at async LongStandingScope._race (C:\Users\gauta\AppData\Local\Temp\playwright-java-7300592778215919104\package\lib\utils\isomorphic\manualPromise.js:94:14)
    at async FrameDispatcher._handleCommand (C:\Users\gauta\AppData\Local\Temp\playwright-java-7300592778215919104\package\lib\server\dispatchers\dispatcher.js:98:14)
    at async DispatcherConnection.dispatch (C:\Users\gauta\AppData\Local\Temp\playwright-java-7300592778215919104\package\lib\server\dispatchers\dispatcher.js:366:22)
}
Call log:
-   - waiting for locator(&amp;quot;//span[normalize-space()=&amp;apos;Settings&amp;apos;]&amp;quot;)
">
      <![CDATA[com.microsoft.playwright.impl.TargetClosedError: Error {
  message='Target page, context or browser has been closed
  name='TargetClosedError
  stack='TargetClosedError:Target page, context or browser has been closed
Error
    at captureRawStack (C:\Users\gauta\AppData\Local\Temp\playwright-java-7300592778215919104\package\lib\utils\isomorphic\stackTrace.js:36:17)
    at LongStandingScope._race (C:\Users\gauta\AppData\Local\Temp\playwright-java-7300592778215919104\package\lib\utils\isomorphic\manualPromise.js:89:52)
    at LongStandingScope.race (C:\Users\gauta\AppData\Local\Temp\playwright-java-7300592778215919104\package\lib\utils\isomorphic\manualPromise.js:82:17)
    at C:\Users\gauta\AppData\Local\Temp\playwright-java-7300592778215919104\package\lib\utils\isomorphic\manualPromise.js:79:43
    at Array.map (<anonymous>)
    at LongStandingScope.raceMultiple (C:\Users\gauta\AppData\Local\Temp\playwright-java-7300592778215919104\package\lib\utils\isomorphic\manualPromise.js:79:32)
    at Frame.retryWithProgressAndTimeouts (C:\Users\gauta\AppData\Local\Temp\playwright-java-7300592778215919104\package\lib\server\frames.js:931:40)
    at async C:\Users\gauta\AppData\Local\Temp\playwright-java-7300592778215919104\package\lib\server\frames.js:1023:29
    at async ProgressController.run (C:\Users\gauta\AppData\Local\Temp\playwright-java-7300592778215919104\package\lib\server\progress.js:79:22)
    at async FrameDispatcher.click (C:\Users\gauta\AppData\Local\Temp\playwright-java-7300592778215919104\package\lib\server\dispatchers\frameDispatcher.js:157:12)
    at async LongStandingScope._race (C:\Users\gauta\AppData\Local\Temp\playwright-java-7300592778215919104\package\lib\utils\isomorphic\manualPromise.js:94:14)
    at async FrameDispatcher._handleCommand (C:\Users\gauta\AppData\Local\Temp\playwright-java-7300592778215919104\package\lib\server\dispatchers\dispatcher.js:98:14)
    at async DispatcherConnection.dispatch (C:\Users\gauta\AppData\Local\Temp\playwright-java-7300592778215919104\package\lib\server\dispatchers\dispatcher.js:366:22)
}
Call log:
-   - waiting for locator("//span[normalize-space()='Settings']")

at com.microsoft.playwright.impl.WaitableResult.get(WaitableResult.java:54)
at com.microsoft.playwright.impl.ChannelOwner.runUntil(ChannelOwner.java:132)
at com.microsoft.playwright.impl.Connection.sendMessage(Connection.java:130)
at com.microsoft.playwright.impl.ChannelOwner.sendMessage(ChannelOwner.java:118)
at com.microsoft.playwright.impl.FrameImpl.clickImpl(FrameImpl.java:252)
at com.microsoft.playwright.impl.FrameImpl.lambda$click$8(FrameImpl.java:243)
at com.microsoft.playwright.impl.LoggingSupport.lambda$withLogging$0(LoggingSupport.java:36)
at com.microsoft.playwright.impl.LoggingSupport.withLogging(LoggingSupport.java:47)
at com.microsoft.playwright.impl.ChannelOwner.withLogging(ChannelOwner.java:97)
at com.microsoft.playwright.impl.LoggingSupport.withLogging(LoggingSupport.java:35)
at com.microsoft.playwright.impl.FrameImpl.click(FrameImpl.java:243)
at com.microsoft.playwright.impl.LocatorImpl.click(LocatorImpl.java:174)
at com.microsoft.playwright.Locator.click(Locator.java:2508)
at homeTestCases.navigationsAndroid.login(navigationsAndroid.java:57)
at homeTestCases.navigationsAndroid.testChooseReward(navigationsAndroid.java:88)
at java.base/java.util.ArrayList.forEach(ArrayList.java:1596)
Caused by: com.microsoft.playwright.impl.TargetClosedError: Error {
  message='Target page, context or browser has been closed
  name='TargetClosedError
  stack='TargetClosedError:Target page, context or browser has been closed
Error
    at captureRawStack (C:\Users\gauta\AppData\Local\Temp\playwright-java-7300592778215919104\package\lib\utils\isomorphic\stackTrace.js:36:17)
    at LongStandingScope._race (C:\Users\gauta\AppData\Local\Temp\playwright-java-7300592778215919104\package\lib\utils\isomorphic\manualPromise.js:89:52)
    at LongStandingScope.race (C:\Users\gauta\AppData\Local\Temp\playwright-java-7300592778215919104\package\lib\utils\isomorphic\manualPromise.js:82:17)
    at C:\Users\gauta\AppData\Local\Temp\playwright-java-7300592778215919104\package\lib\utils\isomorphic\manualPromise.js:79:43
    at Array.map (<anonymous>)
    at LongStandingScope.raceMultiple (C:\Users\gauta\AppData\Local\Temp\playwright-java-7300592778215919104\package\lib\utils\isomorphic\manualPromise.js:79:32)
    at Frame.retryWithProgressAndTimeouts (C:\Users\gauta\AppData\Local\Temp\playwright-java-7300592778215919104\package\lib\server\frames.js:931:40)
    at async C:\Users\gauta\AppData\Local\Temp\playwright-java-7300592778215919104\package\lib\server\frames.js:1023:29
    at async ProgressController.run (C:\Users\gauta\AppData\Local\Temp\playwright-java-7300592778215919104\package\lib\server\progress.js:79:22)
    at async FrameDispatcher.click (C:\Users\gauta\AppData\Local\Temp\playwright-java-7300592778215919104\package\lib\server\dispatchers\frameDispatcher.js:157:12)
    at async LongStandingScope._race (C:\Users\gauta\AppData\Local\Temp\playwright-java-7300592778215919104\package\lib\utils\isomorphic\manualPromise.js:94:14)
    at async FrameDispatcher._handleCommand (C:\Users\gauta\AppData\Local\Temp\playwright-java-7300592778215919104\package\lib\server\dispatchers\dispatcher.js:98:14)
    at async DispatcherConnection.dispatch (C:\Users\gauta\AppData\Local\Temp\playwright-java-7300592778215919104\package\lib\server\dispatchers\dispatcher.js:366:22)
}
Call log:
-   - waiting for locator("//span[normalize-space()='Settings']")

at com.microsoft.playwright.impl.Connection.dispatch(Connection.java:256)
at com.microsoft.playwright.impl.Connection.processOneMessage(Connection.java:211)
at com.microsoft.playwright.impl.ChannelOwner.runUntil(ChannelOwner.java:130)
... 39 more
... Removed 25 stack frames]]>
    </failure>
  </testcase> <!-- testChooseReward -->
  <testcase classname="homeTestCases.navigationsAndroid" name="testGameRules" time="0.003">
    <failure type="com.microsoft.playwright.impl.TargetClosedError" message="Error {
  message=&amp;apos;Target page, context or browser has been closed
  name=&amp;apos;TargetClosedError
  stack=&amp;apos;TargetClosedError: Target page, context or browser has been closed
    at DispatcherConnection.dispatch (C:\Users\gauta\AppData\Local\Temp\playwright-java-7300592778215919104\package\lib\server\dispatchers\dispatcher.js:283:44)
    at transport.onmessage (C:\Users\gauta\AppData\Local\Temp\playwright-java-7300592778215919104\package\lib\cli\driver.js:52:57)
    at Immediate._onImmediate (C:\Users\gauta\AppData\Local\Temp\playwright-java-7300592778215919104\package\lib\server\utils\pipeTransport.js:77:34)
    at process.processImmediate (node:internal/timers:491:21)
}">
      <![CDATA[com.microsoft.playwright.impl.TargetClosedError: Error {
  message='Target page, context or browser has been closed
  name='TargetClosedError
  stack='TargetClosedError: Target page, context or browser has been closed
    at DispatcherConnection.dispatch (C:\Users\gauta\AppData\Local\Temp\playwright-java-7300592778215919104\package\lib\server\dispatchers\dispatcher.js:283:44)
    at transport.onmessage (C:\Users\gauta\AppData\Local\Temp\playwright-java-7300592778215919104\package\lib\cli\driver.js:52:57)
    at Immediate._onImmediate (C:\Users\gauta\AppData\Local\Temp\playwright-java-7300592778215919104\package\lib\server\utils\pipeTransport.js:77:34)
    at process.processImmediate (node:internal/timers:491:21)
}
at com.microsoft.playwright.impl.WaitableResult.get(WaitableResult.java:54)
at com.microsoft.playwright.impl.ChannelOwner.runUntil(ChannelOwner.java:132)
at com.microsoft.playwright.impl.Connection.sendMessage(Connection.java:130)
at com.microsoft.playwright.impl.ChannelOwner.sendMessage(ChannelOwner.java:118)
at com.microsoft.playwright.impl.FrameImpl.clickImpl(FrameImpl.java:252)
at com.microsoft.playwright.impl.FrameImpl.lambda$click$8(FrameImpl.java:243)
at com.microsoft.playwright.impl.LoggingSupport.lambda$withLogging$0(LoggingSupport.java:36)
at com.microsoft.playwright.impl.LoggingSupport.withLogging(LoggingSupport.java:47)
at com.microsoft.playwright.impl.ChannelOwner.withLogging(ChannelOwner.java:97)
at com.microsoft.playwright.impl.LoggingSupport.withLogging(LoggingSupport.java:35)
at com.microsoft.playwright.impl.FrameImpl.click(FrameImpl.java:243)
at com.microsoft.playwright.impl.LocatorImpl.click(LocatorImpl.java:174)
at com.microsoft.playwright.Locator.click(Locator.java:2508)
at homeTestCases.navigationsAndroid.testGameRules(navigationsAndroid.java:104)
at java.base/java.util.ArrayList.forEach(ArrayList.java:1596)
Caused by: com.microsoft.playwright.impl.TargetClosedError: Error {
  message='Target page, context or browser has been closed
  name='TargetClosedError
  stack='TargetClosedError: Target page, context or browser has been closed
    at DispatcherConnection.dispatch (C:\Users\gauta\AppData\Local\Temp\playwright-java-7300592778215919104\package\lib\server\dispatchers\dispatcher.js:283:44)
    at transport.onmessage (C:\Users\gauta\AppData\Local\Temp\playwright-java-7300592778215919104\package\lib\cli\driver.js:52:57)
    at Immediate._onImmediate (C:\Users\gauta\AppData\Local\Temp\playwright-java-7300592778215919104\package\lib\server\utils\pipeTransport.js:77:34)
    at process.processImmediate (node:internal/timers:491:21)
}
at com.microsoft.playwright.impl.Connection.dispatch(Connection.java:256)
at com.microsoft.playwright.impl.Connection.processOneMessage(Connection.java:211)
at com.microsoft.playwright.impl.ChannelOwner.runUntil(ChannelOwner.java:130)
... 38 more
... Removed 25 stack frames]]>
    </failure>
  </testcase> <!-- testGameRules -->
  <testcase classname="homeTestCases.navigationsAndroid" name="testHistoryPage" time="0.003">
    <failure type="com.microsoft.playwright.impl.TargetClosedError" message="Error {
  message=&amp;apos;Target page, context or browser has been closed
  name=&amp;apos;TargetClosedError
  stack=&amp;apos;TargetClosedError: Target page, context or browser has been closed
    at DispatcherConnection.dispatch (C:\Users\gauta\AppData\Local\Temp\playwright-java-7300592778215919104\package\lib\server\dispatchers\dispatcher.js:283:44)
    at transport.onmessage (C:\Users\gauta\AppData\Local\Temp\playwright-java-7300592778215919104\package\lib\cli\driver.js:52:57)
    at Immediate._onImmediate (C:\Users\gauta\AppData\Local\Temp\playwright-java-7300592778215919104\package\lib\server\utils\pipeTransport.js:77:34)
    at process.processImmediate (node:internal/timers:491:21)
}">
      <![CDATA[com.microsoft.playwright.impl.TargetClosedError: Error {
  message='Target page, context or browser has been closed
  name='TargetClosedError
  stack='TargetClosedError: Target page, context or browser has been closed
    at DispatcherConnection.dispatch (C:\Users\gauta\AppData\Local\Temp\playwright-java-7300592778215919104\package\lib\server\dispatchers\dispatcher.js:283:44)
    at transport.onmessage (C:\Users\gauta\AppData\Local\Temp\playwright-java-7300592778215919104\package\lib\cli\driver.js:52:57)
    at Immediate._onImmediate (C:\Users\gauta\AppData\Local\Temp\playwright-java-7300592778215919104\package\lib\server\utils\pipeTransport.js:77:34)
    at process.processImmediate (node:internal/timers:491:21)
}
at com.microsoft.playwright.impl.WaitableResult.get(WaitableResult.java:54)
at com.microsoft.playwright.impl.ChannelOwner.runUntil(ChannelOwner.java:132)
at com.microsoft.playwright.impl.Connection.sendMessage(Connection.java:130)
at com.microsoft.playwright.impl.ChannelOwner.sendMessage(ChannelOwner.java:118)
at com.microsoft.playwright.impl.FrameImpl.clickImpl(FrameImpl.java:252)
at com.microsoft.playwright.impl.FrameImpl.lambda$click$8(FrameImpl.java:243)
at com.microsoft.playwright.impl.LoggingSupport.lambda$withLogging$0(LoggingSupport.java:36)
at com.microsoft.playwright.impl.LoggingSupport.withLogging(LoggingSupport.java:47)
at com.microsoft.playwright.impl.ChannelOwner.withLogging(ChannelOwner.java:97)
at com.microsoft.playwright.impl.LoggingSupport.withLogging(LoggingSupport.java:35)
at com.microsoft.playwright.impl.FrameImpl.click(FrameImpl.java:243)
at com.microsoft.playwright.impl.LocatorImpl.click(LocatorImpl.java:174)
at com.microsoft.playwright.Locator.click(Locator.java:2508)
at homeTestCases.navigationsAndroid.testHistoryPage(navigationsAndroid.java:115)
at java.base/java.util.ArrayList.forEach(ArrayList.java:1596)
Caused by: com.microsoft.playwright.impl.TargetClosedError: Error {
  message='Target page, context or browser has been closed
  name='TargetClosedError
  stack='TargetClosedError: Target page, context or browser has been closed
    at DispatcherConnection.dispatch (C:\Users\gauta\AppData\Local\Temp\playwright-java-7300592778215919104\package\lib\server\dispatchers\dispatcher.js:283:44)
    at transport.onmessage (C:\Users\gauta\AppData\Local\Temp\playwright-java-7300592778215919104\package\lib\cli\driver.js:52:57)
    at Immediate._onImmediate (C:\Users\gauta\AppData\Local\Temp\playwright-java-7300592778215919104\package\lib\server\utils\pipeTransport.js:77:34)
    at process.processImmediate (node:internal/timers:491:21)
}
at com.microsoft.playwright.impl.Connection.dispatch(Connection.java:256)
at com.microsoft.playwright.impl.Connection.processOneMessage(Connection.java:211)
at com.microsoft.playwright.impl.ChannelOwner.runUntil(ChannelOwner.java:130)
... 38 more
... Removed 25 stack frames]]>
    </failure>
  </testcase> <!-- testHistoryPage -->
  <testcase classname="homeTestCases.navigationsAndroid" name="testSendExtraPoints" time="0.002">
    <failure type="com.microsoft.playwright.impl.TargetClosedError" message="Error {
  message=&amp;apos;Target page, context or browser has been closed
  name=&amp;apos;TargetClosedError
  stack=&amp;apos;TargetClosedError: Target page, context or browser has been closed
    at DispatcherConnection.dispatch (C:\Users\gauta\AppData\Local\Temp\playwright-java-7300592778215919104\package\lib\server\dispatchers\dispatcher.js:283:44)
    at transport.onmessage (C:\Users\gauta\AppData\Local\Temp\playwright-java-7300592778215919104\package\lib\cli\driver.js:52:57)
    at Immediate._onImmediate (C:\Users\gauta\AppData\Local\Temp\playwright-java-7300592778215919104\package\lib\server\utils\pipeTransport.js:77:34)
    at process.processImmediate (node:internal/timers:491:21)
}">
      <![CDATA[com.microsoft.playwright.impl.TargetClosedError: Error {
  message='Target page, context or browser has been closed
  name='TargetClosedError
  stack='TargetClosedError: Target page, context or browser has been closed
    at DispatcherConnection.dispatch (C:\Users\gauta\AppData\Local\Temp\playwright-java-7300592778215919104\package\lib\server\dispatchers\dispatcher.js:283:44)
    at transport.onmessage (C:\Users\gauta\AppData\Local\Temp\playwright-java-7300592778215919104\package\lib\cli\driver.js:52:57)
    at Immediate._onImmediate (C:\Users\gauta\AppData\Local\Temp\playwright-java-7300592778215919104\package\lib\server\utils\pipeTransport.js:77:34)
    at process.processImmediate (node:internal/timers:491:21)
}
at com.microsoft.playwright.impl.WaitableResult.get(WaitableResult.java:54)
at com.microsoft.playwright.impl.ChannelOwner.runUntil(ChannelOwner.java:132)
at com.microsoft.playwright.impl.Connection.sendMessage(Connection.java:130)
at com.microsoft.playwright.impl.ChannelOwner.sendMessage(ChannelOwner.java:118)
at com.microsoft.playwright.impl.FrameImpl.clickImpl(FrameImpl.java:252)
at com.microsoft.playwright.impl.FrameImpl.lambda$click$8(FrameImpl.java:243)
at com.microsoft.playwright.impl.LoggingSupport.lambda$withLogging$0(LoggingSupport.java:36)
at com.microsoft.playwright.impl.LoggingSupport.withLogging(LoggingSupport.java:47)
at com.microsoft.playwright.impl.ChannelOwner.withLogging(ChannelOwner.java:97)
at com.microsoft.playwright.impl.LoggingSupport.withLogging(LoggingSupport.java:35)
at com.microsoft.playwright.impl.FrameImpl.click(FrameImpl.java:243)
at com.microsoft.playwright.impl.LocatorImpl.click(LocatorImpl.java:174)
at com.microsoft.playwright.Locator.click(Locator.java:2508)
at homeTestCases.navigationsAndroid.testSendExtraPoints(navigationsAndroid.java:176)
at java.base/java.util.ArrayList.forEach(ArrayList.java:1596)
Caused by: com.microsoft.playwright.impl.TargetClosedError: Error {
  message='Target page, context or browser has been closed
  name='TargetClosedError
  stack='TargetClosedError: Target page, context or browser has been closed
    at DispatcherConnection.dispatch (C:\Users\gauta\AppData\Local\Temp\playwright-java-7300592778215919104\package\lib\server\dispatchers\dispatcher.js:283:44)
    at transport.onmessage (C:\Users\gauta\AppData\Local\Temp\playwright-java-7300592778215919104\package\lib\cli\driver.js:52:57)
    at Immediate._onImmediate (C:\Users\gauta\AppData\Local\Temp\playwright-java-7300592778215919104\package\lib\server\utils\pipeTransport.js:77:34)
    at process.processImmediate (node:internal/timers:491:21)
}
at com.microsoft.playwright.impl.Connection.dispatch(Connection.java:256)
at com.microsoft.playwright.impl.Connection.processOneMessage(Connection.java:211)
at com.microsoft.playwright.impl.ChannelOwner.runUntil(ChannelOwner.java:130)
... 38 more
... Removed 25 stack frames]]>
    </failure>
  </testcase> <!-- testSendExtraPoints -->
  <testcase classname="homeTestCases.navigationsAndroid" name="testSettingsNavigation" time="0.003">
    <failure type="com.microsoft.playwright.impl.TargetClosedError" message="Error {
  message=&amp;apos;Target page, context or browser has been closed
  name=&amp;apos;TargetClosedError
  stack=&amp;apos;TargetClosedError: Target page, context or browser has been closed
    at DispatcherConnection.dispatch (C:\Users\gauta\AppData\Local\Temp\playwright-java-7300592778215919104\package\lib\server\dispatchers\dispatcher.js:283:44)
    at transport.onmessage (C:\Users\gauta\AppData\Local\Temp\playwright-java-7300592778215919104\package\lib\cli\driver.js:52:57)
    at Immediate._onImmediate (C:\Users\gauta\AppData\Local\Temp\playwright-java-7300592778215919104\package\lib\server\utils\pipeTransport.js:77:34)
    at process.processImmediate (node:internal/timers:491:21)
}">
      <![CDATA[com.microsoft.playwright.impl.TargetClosedError: Error {
  message='Target page, context or browser has been closed
  name='TargetClosedError
  stack='TargetClosedError: Target page, context or browser has been closed
    at DispatcherConnection.dispatch (C:\Users\gauta\AppData\Local\Temp\playwright-java-7300592778215919104\package\lib\server\dispatchers\dispatcher.js:283:44)
    at transport.onmessage (C:\Users\gauta\AppData\Local\Temp\playwright-java-7300592778215919104\package\lib\cli\driver.js:52:57)
    at Immediate._onImmediate (C:\Users\gauta\AppData\Local\Temp\playwright-java-7300592778215919104\package\lib\server\utils\pipeTransport.js:77:34)
    at process.processImmediate (node:internal/timers:491:21)
}
at com.microsoft.playwright.impl.WaitableResult.get(WaitableResult.java:54)
at com.microsoft.playwright.impl.ChannelOwner.runUntil(ChannelOwner.java:132)
at com.microsoft.playwright.impl.Connection.sendMessage(Connection.java:130)
at com.microsoft.playwright.impl.ChannelOwner.sendMessage(ChannelOwner.java:118)
at com.microsoft.playwright.impl.FrameImpl.clickImpl(FrameImpl.java:252)
at com.microsoft.playwright.impl.FrameImpl.lambda$click$8(FrameImpl.java:243)
at com.microsoft.playwright.impl.LoggingSupport.lambda$withLogging$0(LoggingSupport.java:36)
at com.microsoft.playwright.impl.LoggingSupport.withLogging(LoggingSupport.java:47)
at com.microsoft.playwright.impl.ChannelOwner.withLogging(ChannelOwner.java:97)
at com.microsoft.playwright.impl.LoggingSupport.withLogging(LoggingSupport.java:35)
at com.microsoft.playwright.impl.FrameImpl.click(FrameImpl.java:243)
at com.microsoft.playwright.impl.LocatorImpl.click(LocatorImpl.java:174)
at com.microsoft.playwright.Locator.click(Locator.java:2508)
at homeTestCases.navigationsAndroid.testSettingsNavigation(navigationsAndroid.java:149)
at java.base/java.util.ArrayList.forEach(ArrayList.java:1596)
Caused by: com.microsoft.playwright.impl.TargetClosedError: Error {
  message='Target page, context or browser has been closed
  name='TargetClosedError
  stack='TargetClosedError: Target page, context or browser has been closed
    at DispatcherConnection.dispatch (C:\Users\gauta\AppData\Local\Temp\playwright-java-7300592778215919104\package\lib\server\dispatchers\dispatcher.js:283:44)
    at transport.onmessage (C:\Users\gauta\AppData\Local\Temp\playwright-java-7300592778215919104\package\lib\cli\driver.js:52:57)
    at Immediate._onImmediate (C:\Users\gauta\AppData\Local\Temp\playwright-java-7300592778215919104\package\lib\server\utils\pipeTransport.js:77:34)
    at process.processImmediate (node:internal/timers:491:21)
}
at com.microsoft.playwright.impl.Connection.dispatch(Connection.java:256)
at com.microsoft.playwright.impl.Connection.processOneMessage(Connection.java:211)
at com.microsoft.playwright.impl.ChannelOwner.runUntil(ChannelOwner.java:130)
... 38 more
... Removed 25 stack frames]]>
    </failure>
  </testcase> <!-- testSettingsNavigation -->
  <testcase classname="homeTestCases.navigationsAndroid" name="testStoreNavigation" time="0.005">
    <failure type="com.microsoft.playwright.impl.TargetClosedError" message="Error {
  message=&amp;apos;Target page, context or browser has been closed
  name=&amp;apos;TargetClosedError
  stack=&amp;apos;TargetClosedError: Target page, context or browser has been closed
    at DispatcherConnection.dispatch (C:\Users\gauta\AppData\Local\Temp\playwright-java-7300592778215919104\package\lib\server\dispatchers\dispatcher.js:283:44)
    at transport.onmessage (C:\Users\gauta\AppData\Local\Temp\playwright-java-7300592778215919104\package\lib\cli\driver.js:52:57)
    at Immediate._onImmediate (C:\Users\gauta\AppData\Local\Temp\playwright-java-7300592778215919104\package\lib\server\utils\pipeTransport.js:77:34)
    at process.processImmediate (node:internal/timers:491:21)
}">
      <![CDATA[com.microsoft.playwright.impl.TargetClosedError: Error {
  message='Target page, context or browser has been closed
  name='TargetClosedError
  stack='TargetClosedError: Target page, context or browser has been closed
    at DispatcherConnection.dispatch (C:\Users\gauta\AppData\Local\Temp\playwright-java-7300592778215919104\package\lib\server\dispatchers\dispatcher.js:283:44)
    at transport.onmessage (C:\Users\gauta\AppData\Local\Temp\playwright-java-7300592778215919104\package\lib\cli\driver.js:52:57)
    at Immediate._onImmediate (C:\Users\gauta\AppData\Local\Temp\playwright-java-7300592778215919104\package\lib\server\utils\pipeTransport.js:77:34)
    at process.processImmediate (node:internal/timers:491:21)
}
at com.microsoft.playwright.impl.WaitableResult.get(WaitableResult.java:54)
at com.microsoft.playwright.impl.ChannelOwner.runUntil(ChannelOwner.java:132)
at com.microsoft.playwright.impl.Connection.sendMessage(Connection.java:130)
at com.microsoft.playwright.impl.ChannelOwner.sendMessage(ChannelOwner.java:118)
at com.microsoft.playwright.impl.FrameImpl.clickImpl(FrameImpl.java:252)
at com.microsoft.playwright.impl.FrameImpl.lambda$click$8(FrameImpl.java:243)
at com.microsoft.playwright.impl.LoggingSupport.lambda$withLogging$0(LoggingSupport.java:36)
at com.microsoft.playwright.impl.LoggingSupport.withLogging(LoggingSupport.java:47)
at com.microsoft.playwright.impl.ChannelOwner.withLogging(ChannelOwner.java:97)
at com.microsoft.playwright.impl.LoggingSupport.withLogging(LoggingSupport.java:35)
at com.microsoft.playwright.impl.FrameImpl.click(FrameImpl.java:243)
at com.microsoft.playwright.impl.LocatorImpl.click(LocatorImpl.java:174)
at com.microsoft.playwright.Locator.click(Locator.java:2508)
at homeTestCases.navigationsAndroid.testStoreNavigation(navigationsAndroid.java:134)
at java.base/java.util.ArrayList.forEach(ArrayList.java:1596)
Caused by: com.microsoft.playwright.impl.TargetClosedError: Error {
  message='Target page, context or browser has been closed
  name='TargetClosedError
  stack='TargetClosedError: Target page, context or browser has been closed
    at DispatcherConnection.dispatch (C:\Users\gauta\AppData\Local\Temp\playwright-java-7300592778215919104\package\lib\server\dispatchers\dispatcher.js:283:44)
    at transport.onmessage (C:\Users\gauta\AppData\Local\Temp\playwright-java-7300592778215919104\package\lib\cli\driver.js:52:57)
    at Immediate._onImmediate (C:\Users\gauta\AppData\Local\Temp\playwright-java-7300592778215919104\package\lib\server\utils\pipeTransport.js:77:34)
    at process.processImmediate (node:internal/timers:491:21)
}
at com.microsoft.playwright.impl.Connection.dispatch(Connection.java:256)
at com.microsoft.playwright.impl.Connection.processOneMessage(Connection.java:211)
at com.microsoft.playwright.impl.ChannelOwner.runUntil(ChannelOwner.java:130)
... 38 more
... Removed 25 stack frames]]>
    </failure>
  </testcase> <!-- testStoreNavigation -->
  <testcase classname="gamePage.clickingBrushOrFlossAndroid" name="login" time="18.168">
    <failure type="com.microsoft.playwright.impl.TargetClosedError" message="Error {
  message=&amp;apos;Target page, context or browser has been closed
  name=&amp;apos;TargetClosedError
  stack=&amp;apos;TargetClosedError:Target page, context or browser has been closed
Error
    at captureRawStack (C:\Users\gauta\AppData\Local\Temp\playwright-java-7300592778215919104\package\lib\utils\isomorphic\stackTrace.js:36:17)
    at LongStandingScope._race (C:\Users\gauta\AppData\Local\Temp\playwright-java-7300592778215919104\package\lib\utils\isomorphic\manualPromise.js:89:52)
    at LongStandingScope.race (C:\Users\gauta\AppData\Local\Temp\playwright-java-7300592778215919104\package\lib\utils\isomorphic\manualPromise.js:82:17)
    at C:\Users\gauta\AppData\Local\Temp\playwright-java-7300592778215919104\package\lib\utils\isomorphic\manualPromise.js:79:43
    at Array.map (&amp;lt;anonymous&amp;gt;)
    at LongStandingScope.raceMultiple (C:\Users\gauta\AppData\Local\Temp\playwright-java-7300592778215919104\package\lib\utils\isomorphic\manualPromise.js:79:32)
    at Frame.retryWithProgressAndTimeouts (C:\Users\gauta\AppData\Local\Temp\playwright-java-7300592778215919104\package\lib\server\frames.js:931:40)
    at async C:\Users\gauta\AppData\Local\Temp\playwright-java-7300592778215919104\package\lib\server\frames.js:1023:29
    at async ProgressController.run (C:\Users\gauta\AppData\Local\Temp\playwright-java-7300592778215919104\package\lib\server\progress.js:79:22)
    at async FrameDispatcher.click (C:\Users\gauta\AppData\Local\Temp\playwright-java-7300592778215919104\package\lib\server\dispatchers\frameDispatcher.js:157:12)
    at async LongStandingScope._race (C:\Users\gauta\AppData\Local\Temp\playwright-java-7300592778215919104\package\lib\utils\isomorphic\manualPromise.js:94:14)
    at async FrameDispatcher._handleCommand (C:\Users\gauta\AppData\Local\Temp\playwright-java-7300592778215919104\package\lib\server\dispatchers\dispatcher.js:98:14)
    at async DispatcherConnection.dispatch (C:\Users\gauta\AppData\Local\Temp\playwright-java-7300592778215919104\package\lib\server\dispatchers\dispatcher.js:366:22)
}
Call log:
-   - waiting for locator(&amp;quot;//span[normalize-space()=&amp;apos;Settings&amp;apos;]&amp;quot;)
">
      <![CDATA[com.microsoft.playwright.impl.TargetClosedError: Error {
  message='Target page, context or browser has been closed
  name='TargetClosedError
  stack='TargetClosedError:Target page, context or browser has been closed
Error
    at captureRawStack (C:\Users\gauta\AppData\Local\Temp\playwright-java-7300592778215919104\package\lib\utils\isomorphic\stackTrace.js:36:17)
    at LongStandingScope._race (C:\Users\gauta\AppData\Local\Temp\playwright-java-7300592778215919104\package\lib\utils\isomorphic\manualPromise.js:89:52)
    at LongStandingScope.race (C:\Users\gauta\AppData\Local\Temp\playwright-java-7300592778215919104\package\lib\utils\isomorphic\manualPromise.js:82:17)
    at C:\Users\gauta\AppData\Local\Temp\playwright-java-7300592778215919104\package\lib\utils\isomorphic\manualPromise.js:79:43
    at Array.map (<anonymous>)
    at LongStandingScope.raceMultiple (C:\Users\gauta\AppData\Local\Temp\playwright-java-7300592778215919104\package\lib\utils\isomorphic\manualPromise.js:79:32)
    at Frame.retryWithProgressAndTimeouts (C:\Users\gauta\AppData\Local\Temp\playwright-java-7300592778215919104\package\lib\server\frames.js:931:40)
    at async C:\Users\gauta\AppData\Local\Temp\playwright-java-7300592778215919104\package\lib\server\frames.js:1023:29
    at async ProgressController.run (C:\Users\gauta\AppData\Local\Temp\playwright-java-7300592778215919104\package\lib\server\progress.js:79:22)
    at async FrameDispatcher.click (C:\Users\gauta\AppData\Local\Temp\playwright-java-7300592778215919104\package\lib\server\dispatchers\frameDispatcher.js:157:12)
    at async LongStandingScope._race (C:\Users\gauta\AppData\Local\Temp\playwright-java-7300592778215919104\package\lib\utils\isomorphic\manualPromise.js:94:14)
    at async FrameDispatcher._handleCommand (C:\Users\gauta\AppData\Local\Temp\playwright-java-7300592778215919104\package\lib\server\dispatchers\dispatcher.js:98:14)
    at async DispatcherConnection.dispatch (C:\Users\gauta\AppData\Local\Temp\playwright-java-7300592778215919104\package\lib\server\dispatchers\dispatcher.js:366:22)
}
Call log:
-   - waiting for locator("//span[normalize-space()='Settings']")

at com.microsoft.playwright.impl.WaitableResult.get(WaitableResult.java:54)
at com.microsoft.playwright.impl.ChannelOwner.runUntil(ChannelOwner.java:132)
at com.microsoft.playwright.impl.Connection.sendMessage(Connection.java:130)
at com.microsoft.playwright.impl.ChannelOwner.sendMessage(ChannelOwner.java:118)
at com.microsoft.playwright.impl.FrameImpl.clickImpl(FrameImpl.java:252)
at com.microsoft.playwright.impl.FrameImpl.lambda$click$8(FrameImpl.java:243)
at com.microsoft.playwright.impl.LoggingSupport.lambda$withLogging$0(LoggingSupport.java:36)
at com.microsoft.playwright.impl.LoggingSupport.withLogging(LoggingSupport.java:47)
at com.microsoft.playwright.impl.ChannelOwner.withLogging(ChannelOwner.java:97)
at com.microsoft.playwright.impl.LoggingSupport.withLogging(LoggingSupport.java:35)
at com.microsoft.playwright.impl.FrameImpl.click(FrameImpl.java:243)
at com.microsoft.playwright.impl.LocatorImpl.click(LocatorImpl.java:174)
at com.microsoft.playwright.Locator.click(Locator.java:2508)
at gamePage.clickingBrushOrFlossAndroid.login(clickingBrushOrFlossAndroid.java:55)
at java.base/java.util.ArrayList.forEach(ArrayList.java:1596)
Caused by: com.microsoft.playwright.impl.TargetClosedError: Error {
  message='Target page, context or browser has been closed
  name='TargetClosedError
  stack='TargetClosedError:Target page, context or browser has been closed
Error
    at captureRawStack (C:\Users\gauta\AppData\Local\Temp\playwright-java-7300592778215919104\package\lib\utils\isomorphic\stackTrace.js:36:17)
    at LongStandingScope._race (C:\Users\gauta\AppData\Local\Temp\playwright-java-7300592778215919104\package\lib\utils\isomorphic\manualPromise.js:89:52)
    at LongStandingScope.race (C:\Users\gauta\AppData\Local\Temp\playwright-java-7300592778215919104\package\lib\utils\isomorphic\manualPromise.js:82:17)
    at C:\Users\gauta\AppData\Local\Temp\playwright-java-7300592778215919104\package\lib\utils\isomorphic\manualPromise.js:79:43
    at Array.map (<anonymous>)
    at LongStandingScope.raceMultiple (C:\Users\gauta\AppData\Local\Temp\playwright-java-7300592778215919104\package\lib\utils\isomorphic\manualPromise.js:79:32)
    at Frame.retryWithProgressAndTimeouts (C:\Users\gauta\AppData\Local\Temp\playwright-java-7300592778215919104\package\lib\server\frames.js:931:40)
    at async C:\Users\gauta\AppData\Local\Temp\playwright-java-7300592778215919104\package\lib\server\frames.js:1023:29
    at async ProgressController.run (C:\Users\gauta\AppData\Local\Temp\playwright-java-7300592778215919104\package\lib\server\progress.js:79:22)
    at async FrameDispatcher.click (C:\Users\gauta\AppData\Local\Temp\playwright-java-7300592778215919104\package\lib\server\dispatchers\frameDispatcher.js:157:12)
    at async LongStandingScope._race (C:\Users\gauta\AppData\Local\Temp\playwright-java-7300592778215919104\package\lib\utils\isomorphic\manualPromise.js:94:14)
    at async FrameDispatcher._handleCommand (C:\Users\gauta\AppData\Local\Temp\playwright-java-7300592778215919104\package\lib\server\dispatchers\dispatcher.js:98:14)
    at async DispatcherConnection.dispatch (C:\Users\gauta\AppData\Local\Temp\playwright-java-7300592778215919104\package\lib\server\dispatchers\dispatcher.js:366:22)
}
Call log:
-   - waiting for locator("//span[normalize-space()='Settings']")

at com.microsoft.playwright.impl.Connection.dispatch(Connection.java:256)
at com.microsoft.playwright.impl.Connection.processOneMessage(Connection.java:211)
at com.microsoft.playwright.impl.ChannelOwner.runUntil(ChannelOwner.java:130)
... 38 more
... Removed 25 stack frames]]>
    </failure>
  </testcase> <!-- login -->
  <testcase classname="gamePage.clickingBrushOrFlossAndroid" name="clickingOnActivities" time="0.0">
    <skipped/>
  </testcase> <!-- clickingOnActivities -->
  <testcase classname="LoginPage.LoginTestConsumerAndroid" name="newLoginAddChild" time="0.002">
    <failure type="com.microsoft.playwright.impl.TargetClosedError" message="Error {
  message=&amp;apos;Target page, context or browser has been closed
  name=&amp;apos;TargetClosedError
  stack=&amp;apos;TargetClosedError: Target page, context or browser has been closed
    at DispatcherConnection.dispatch (C:\Users\gauta\AppData\Local\Temp\playwright-java-7300592778215919104\package\lib\server\dispatchers\dispatcher.js:283:44)
    at transport.onmessage (C:\Users\gauta\AppData\Local\Temp\playwright-java-7300592778215919104\package\lib\cli\driver.js:52:57)
    at Immediate._onImmediate (C:\Users\gauta\AppData\Local\Temp\playwright-java-7300592778215919104\package\lib\server\utils\pipeTransport.js:77:34)
    at process.processImmediate (node:internal/timers:491:21)
}">
      <![CDATA[com.microsoft.playwright.impl.TargetClosedError: Error {
  message='Target page, context or browser has been closed
  name='TargetClosedError
  stack='TargetClosedError: Target page, context or browser has been closed
    at DispatcherConnection.dispatch (C:\Users\gauta\AppData\Local\Temp\playwright-java-7300592778215919104\package\lib\server\dispatchers\dispatcher.js:283:44)
    at transport.onmessage (C:\Users\gauta\AppData\Local\Temp\playwright-java-7300592778215919104\package\lib\cli\driver.js:52:57)
    at Immediate._onImmediate (C:\Users\gauta\AppData\Local\Temp\playwright-java-7300592778215919104\package\lib\server\utils\pipeTransport.js:77:34)
    at process.processImmediate (node:internal/timers:491:21)
}
at com.microsoft.playwright.impl.WaitableResult.get(WaitableResult.java:54)
at com.microsoft.playwright.impl.ChannelOwner.runUntil(ChannelOwner.java:132)
at com.microsoft.playwright.impl.Connection.sendMessage(Connection.java:130)
at com.microsoft.playwright.impl.ChannelOwner.sendMessage(ChannelOwner.java:118)
at com.microsoft.playwright.impl.FrameImpl.navigateImpl(FrameImpl.java:463)
at com.microsoft.playwright.impl.PageImpl.lambda$navigate$47(PageImpl.java:943)
at com.microsoft.playwright.impl.LoggingSupport.withLogging(LoggingSupport.java:47)
at com.microsoft.playwright.impl.ChannelOwner.withLogging(ChannelOwner.java:97)
at com.microsoft.playwright.impl.PageImpl.navigate(PageImpl.java:943)
at com.microsoft.playwright.impl.PageImpl.navigate(PageImpl.java:42)
at com.microsoft.playwright.Page.navigate(Page.java:5491)
at LoginPage.LoginTestConsumerAndroid.newLoginAddChild(LoginTestConsumerAndroid.java:43)
at java.base/java.util.ArrayList.forEach(ArrayList.java:1596)
Caused by: com.microsoft.playwright.impl.TargetClosedError: Error {
  message='Target page, context or browser has been closed
  name='TargetClosedError
  stack='TargetClosedError: Target page, context or browser has been closed
    at DispatcherConnection.dispatch (C:\Users\gauta\AppData\Local\Temp\playwright-java-7300592778215919104\package\lib\server\dispatchers\dispatcher.js:283:44)
    at transport.onmessage (C:\Users\gauta\AppData\Local\Temp\playwright-java-7300592778215919104\package\lib\cli\driver.js:52:57)
    at Immediate._onImmediate (C:\Users\gauta\AppData\Local\Temp\playwright-java-7300592778215919104\package\lib\server\utils\pipeTransport.js:77:34)
    at process.processImmediate (node:internal/timers:491:21)
}
at com.microsoft.playwright.impl.Connection.dispatch(Connection.java:256)
at com.microsoft.playwright.impl.Connection.processOneMessage(Connection.java:211)
at com.microsoft.playwright.impl.ChannelOwner.runUntil(ChannelOwner.java:130)
... 36 more
... Removed 25 stack frames]]>
    </failure>
  </testcase> <!-- newLoginAddChild -->
  <testcase classname="LoginPage.LoginTestConsumerAndroid" name="oldUserLoginAddChild" time="0.002">
    <failure type="com.microsoft.playwright.impl.TargetClosedError" message="Error {
  message=&amp;apos;Target page, context or browser has been closed
  name=&amp;apos;TargetClosedError
  stack=&amp;apos;TargetClosedError: Target page, context or browser has been closed
    at DispatcherConnection.dispatch (C:\Users\gauta\AppData\Local\Temp\playwright-java-7300592778215919104\package\lib\server\dispatchers\dispatcher.js:283:44)
    at transport.onmessage (C:\Users\gauta\AppData\Local\Temp\playwright-java-7300592778215919104\package\lib\cli\driver.js:52:57)
    at Immediate._onImmediate (C:\Users\gauta\AppData\Local\Temp\playwright-java-7300592778215919104\package\lib\server\utils\pipeTransport.js:77:34)
    at process.processImmediate (node:internal/timers:491:21)
}">
      <![CDATA[com.microsoft.playwright.impl.TargetClosedError: Error {
  message='Target page, context or browser has been closed
  name='TargetClosedError
  stack='TargetClosedError: Target page, context or browser has been closed
    at DispatcherConnection.dispatch (C:\Users\gauta\AppData\Local\Temp\playwright-java-7300592778215919104\package\lib\server\dispatchers\dispatcher.js:283:44)
    at transport.onmessage (C:\Users\gauta\AppData\Local\Temp\playwright-java-7300592778215919104\package\lib\cli\driver.js:52:57)
    at Immediate._onImmediate (C:\Users\gauta\AppData\Local\Temp\playwright-java-7300592778215919104\package\lib\server\utils\pipeTransport.js:77:34)
    at process.processImmediate (node:internal/timers:491:21)
}
at com.microsoft.playwright.impl.WaitableResult.get(WaitableResult.java:54)
at com.microsoft.playwright.impl.ChannelOwner.runUntil(ChannelOwner.java:132)
at com.microsoft.playwright.impl.Connection.sendMessage(Connection.java:130)
at com.microsoft.playwright.impl.ChannelOwner.sendMessage(ChannelOwner.java:118)
at com.microsoft.playwright.impl.FrameImpl.navigateImpl(FrameImpl.java:463)
at com.microsoft.playwright.impl.PageImpl.lambda$navigate$47(PageImpl.java:943)
at com.microsoft.playwright.impl.LoggingSupport.withLogging(LoggingSupport.java:47)
at com.microsoft.playwright.impl.ChannelOwner.withLogging(ChannelOwner.java:97)
at com.microsoft.playwright.impl.PageImpl.navigate(PageImpl.java:943)
at com.microsoft.playwright.impl.PageImpl.navigate(PageImpl.java:42)
at com.microsoft.playwright.Page.navigate(Page.java:5491)
at LoginPage.LoginTestConsumerAndroid.oldUserLoginAddChild(LoginTestConsumerAndroid.java:91)
at java.base/java.util.ArrayList.forEach(ArrayList.java:1596)
Caused by: com.microsoft.playwright.impl.TargetClosedError: Error {
  message='Target page, context or browser has been closed
  name='TargetClosedError
  stack='TargetClosedError: Target page, context or browser has been closed
    at DispatcherConnection.dispatch (C:\Users\gauta\AppData\Local\Temp\playwright-java-7300592778215919104\package\lib\server\dispatchers\dispatcher.js:283:44)
    at transport.onmessage (C:\Users\gauta\AppData\Local\Temp\playwright-java-7300592778215919104\package\lib\cli\driver.js:52:57)
    at Immediate._onImmediate (C:\Users\gauta\AppData\Local\Temp\playwright-java-7300592778215919104\package\lib\server\utils\pipeTransport.js:77:34)
    at process.processImmediate (node:internal/timers:491:21)
}
at com.microsoft.playwright.impl.Connection.dispatch(Connection.java:256)
at com.microsoft.playwright.impl.Connection.processOneMessage(Connection.java:211)
at com.microsoft.playwright.impl.ChannelOwner.runUntil(ChannelOwner.java:130)
... 36 more
... Removed 25 stack frames]]>
    </failure>
  </testcase> <!-- oldUserLoginAddChild -->
  <testcase classname="SettingsPage.settingsTestCasesAndroid" name="login" time="1.236">
    <failure type="com.microsoft.playwright.impl.TargetClosedError" message="Error {
  message=&amp;apos;Target page, context or browser has been closed
  name=&amp;apos;TargetClosedError
  stack=&amp;apos;TargetClosedError:Target page, context or browser has been closed
Error
    at captureRawStack (C:\Users\gauta\AppData\Local\Temp\playwright-java-7300592778215919104\package\lib\utils\isomorphic\stackTrace.js:36:17)
    at LongStandingScope._race (C:\Users\gauta\AppData\Local\Temp\playwright-java-7300592778215919104\package\lib\utils\isomorphic\manualPromise.js:89:52)
    at LongStandingScope.race (C:\Users\gauta\AppData\Local\Temp\playwright-java-7300592778215919104\package\lib\utils\isomorphic\manualPromise.js:82:17)
    at FrameDispatcher._handleCommand (C:\Users\gauta\AppData\Local\Temp\playwright-java-7300592778215919104\package\lib\server\dispatchers\dispatcher.js:98:36)
    at DispatcherConnection.dispatch (C:\Users\gauta\AppData\Local\Temp\playwright-java-7300592778215919104\package\lib\server\dispatchers\dispatcher.js:366:39)
}
Call log:
-   - waiting for getByPlaceholder(&amp;quot;Email&amp;quot;)
-     - locator resolved to &amp;lt;input type=&amp;quot;email&amp;quot; name=&amp;quot;email&amp;quot; placeholder=&amp;quot;Email&amp;quot; class=&amp;quot;w-full p-4 text-base border border-[#E6E6E6] rounded-xl focus:outline-none focus:border-[#313C58]&amp;quot;/&amp;gt;
-   - elementHandle.type(&amp;quot;automationtesttimechains@gmail.com&amp;quot;)
">
      <![CDATA[com.microsoft.playwright.impl.TargetClosedError: Error {
  message='Target page, context or browser has been closed
  name='TargetClosedError
  stack='TargetClosedError:Target page, context or browser has been closed
Error
    at captureRawStack (C:\Users\gauta\AppData\Local\Temp\playwright-java-7300592778215919104\package\lib\utils\isomorphic\stackTrace.js:36:17)
    at LongStandingScope._race (C:\Users\gauta\AppData\Local\Temp\playwright-java-7300592778215919104\package\lib\utils\isomorphic\manualPromise.js:89:52)
    at LongStandingScope.race (C:\Users\gauta\AppData\Local\Temp\playwright-java-7300592778215919104\package\lib\utils\isomorphic\manualPromise.js:82:17)
    at FrameDispatcher._handleCommand (C:\Users\gauta\AppData\Local\Temp\playwright-java-7300592778215919104\package\lib\server\dispatchers\dispatcher.js:98:36)
    at DispatcherConnection.dispatch (C:\Users\gauta\AppData\Local\Temp\playwright-java-7300592778215919104\package\lib\server\dispatchers\dispatcher.js:366:39)
}
Call log:
-   - waiting for getByPlaceholder("Email")
-     - locator resolved to <input type="email" name="email" placeholder="Email" class="w-full p-4 text-base border border-[#E6E6E6] rounded-xl focus:outline-none focus:border-[#313C58]"/>
-   - elementHandle.type("automationtesttimechains@gmail.com")

at com.microsoft.playwright.impl.WaitableResult.get(WaitableResult.java:54)
at com.microsoft.playwright.impl.ChannelOwner.runUntil(ChannelOwner.java:132)
at com.microsoft.playwright.impl.Connection.sendMessage(Connection.java:130)
at com.microsoft.playwright.impl.ChannelOwner.sendMessage(ChannelOwner.java:118)
at com.microsoft.playwright.impl.FrameImpl.typeImpl(FrameImpl.java:843)
at com.microsoft.playwright.impl.FrameImpl.lambda$type$40(FrameImpl.java:833)
at com.microsoft.playwright.impl.LoggingSupport.lambda$withLogging$0(LoggingSupport.java:36)
at com.microsoft.playwright.impl.LoggingSupport.withLogging(LoggingSupport.java:47)
at com.microsoft.playwright.impl.ChannelOwner.withLogging(ChannelOwner.java:97)
at com.microsoft.playwright.impl.LoggingSupport.withLogging(LoggingSupport.java:35)
at com.microsoft.playwright.impl.FrameImpl.type(FrameImpl.java:833)
at com.microsoft.playwright.impl.LocatorImpl.type(LocatorImpl.java:614)
at com.microsoft.playwright.Locator.type(Locator.java:5302)
at SettingsPage.settingsTestCasesAndroid.login(settingsTestCasesAndroid.java:39)
at java.base/java.util.ArrayList.forEach(ArrayList.java:1596)
Caused by: com.microsoft.playwright.impl.TargetClosedError: Error {
  message='Target page, context or browser has been closed
  name='TargetClosedError
  stack='TargetClosedError:Target page, context or browser has been closed
Error
    at captureRawStack (C:\Users\gauta\AppData\Local\Temp\playwright-java-7300592778215919104\package\lib\utils\isomorphic\stackTrace.js:36:17)
    at LongStandingScope._race (C:\Users\gauta\AppData\Local\Temp\playwright-java-7300592778215919104\package\lib\utils\isomorphic\manualPromise.js:89:52)
    at LongStandingScope.race (C:\Users\gauta\AppData\Local\Temp\playwright-java-7300592778215919104\package\lib\utils\isomorphic\manualPromise.js:82:17)
    at FrameDispatcher._handleCommand (C:\Users\gauta\AppData\Local\Temp\playwright-java-7300592778215919104\package\lib\server\dispatchers\dispatcher.js:98:36)
    at DispatcherConnection.dispatch (C:\Users\gauta\AppData\Local\Temp\playwright-java-7300592778215919104\package\lib\server\dispatchers\dispatcher.js:366:39)
}
Call log:
-   - waiting for getByPlaceholder("Email")
-     - locator resolved to <input type="email" name="email" placeholder="Email" class="w-full p-4 text-base border border-[#E6E6E6] rounded-xl focus:outline-none focus:border-[#313C58]"/>
-   - elementHandle.type("automationtesttimechains@gmail.com")

at com.microsoft.playwright.impl.Connection.dispatch(Connection.java:256)
at com.microsoft.playwright.impl.Connection.processOneMessage(Connection.java:211)
at com.microsoft.playwright.impl.ChannelOwner.runUntil(ChannelOwner.java:130)
... 38 more
... Removed 25 stack frames]]>
    </failure>
  </testcase> <!-- login -->
  <testcase classname="SettingsPage.settingsTestCasesAndroid" name="changeParentName" time="0.003">
    <failure type="com.microsoft.playwright.impl.TargetClosedError" message="Error {
  message=&amp;apos;Target page, context or browser has been closed
  name=&amp;apos;TargetClosedError
  stack=&amp;apos;TargetClosedError: Target page, context or browser has been closed
    at DispatcherConnection.dispatch (C:\Users\gauta\AppData\Local\Temp\playwright-java-7300592778215919104\package\lib\server\dispatchers\dispatcher.js:283:44)
    at transport.onmessage (C:\Users\gauta\AppData\Local\Temp\playwright-java-7300592778215919104\package\lib\cli\driver.js:52:57)
    at Immediate._onImmediate (C:\Users\gauta\AppData\Local\Temp\playwright-java-7300592778215919104\package\lib\server\utils\pipeTransport.js:77:34)
    at process.processImmediate (node:internal/timers:491:21)
}">
      <![CDATA[com.microsoft.playwright.impl.TargetClosedError: Error {
  message='Target page, context or browser has been closed
  name='TargetClosedError
  stack='TargetClosedError: Target page, context or browser has been closed
    at DispatcherConnection.dispatch (C:\Users\gauta\AppData\Local\Temp\playwright-java-7300592778215919104\package\lib\server\dispatchers\dispatcher.js:283:44)
    at transport.onmessage (C:\Users\gauta\AppData\Local\Temp\playwright-java-7300592778215919104\package\lib\cli\driver.js:52:57)
    at Immediate._onImmediate (C:\Users\gauta\AppData\Local\Temp\playwright-java-7300592778215919104\package\lib\server\utils\pipeTransport.js:77:34)
    at process.processImmediate (node:internal/timers:491:21)
}
at com.microsoft.playwright.impl.WaitableResult.get(WaitableResult.java:54)
at com.microsoft.playwright.impl.ChannelOwner.runUntil(ChannelOwner.java:132)
at com.microsoft.playwright.impl.Connection.sendMessage(Connection.java:130)
at com.microsoft.playwright.impl.ChannelOwner.sendMessage(ChannelOwner.java:118)
at com.microsoft.playwright.impl.FrameImpl.navigateImpl(FrameImpl.java:463)
at com.microsoft.playwright.impl.PageImpl.lambda$navigate$47(PageImpl.java:943)
at com.microsoft.playwright.impl.LoggingSupport.withLogging(LoggingSupport.java:47)
at com.microsoft.playwright.impl.ChannelOwner.withLogging(ChannelOwner.java:97)
at com.microsoft.playwright.impl.PageImpl.navigate(PageImpl.java:943)
at com.microsoft.playwright.impl.PageImpl.navigate(PageImpl.java:42)
at com.microsoft.playwright.Page.navigate(Page.java:5491)
at SettingsPage.settingsTestCasesAndroid.login(settingsTestCasesAndroid.java:37)
at SettingsPage.settingsTestCasesAndroid.changeParentName(settingsTestCasesAndroid.java:76)
at java.base/java.util.ArrayList.forEach(ArrayList.java:1596)
Caused by: com.microsoft.playwright.impl.TargetClosedError: Error {
  message='Target page, context or browser has been closed
  name='TargetClosedError
  stack='TargetClosedError: Target page, context or browser has been closed
    at DispatcherConnection.dispatch (C:\Users\gauta\AppData\Local\Temp\playwright-java-7300592778215919104\package\lib\server\dispatchers\dispatcher.js:283:44)
    at transport.onmessage (C:\Users\gauta\AppData\Local\Temp\playwright-java-7300592778215919104\package\lib\cli\driver.js:52:57)
    at Immediate._onImmediate (C:\Users\gauta\AppData\Local\Temp\playwright-java-7300592778215919104\package\lib\server\utils\pipeTransport.js:77:34)
    at process.processImmediate (node:internal/timers:491:21)
}
at com.microsoft.playwright.impl.Connection.dispatch(Connection.java:256)
at com.microsoft.playwright.impl.Connection.processOneMessage(Connection.java:211)
at com.microsoft.playwright.impl.ChannelOwner.runUntil(ChannelOwner.java:130)
... 37 more
... Removed 25 stack frames]]>
    </failure>
  </testcase> <!-- changeParentName -->
</testsuite> <!-- Android Tests -->
