<?xml version="1.0" encoding="UTF-8"?>
<!-- Generated by org.testng.reporters.JUnitXMLReporter -->
<testsuite ignored="0" hostname="Gautam" failures="1" tests="10" name="Desktop Tests" time="130.212" errors="0" timestamp="2025-04-29T17:30:19 IST">
  <testcase classname="homeTestCases.navigations" name="chooseReward" time="25.315"/>
  <testcase classname="homeTestCases.navigations" name="gameRules" time="0.391"/>
  <testcase classname="homeTestCases.navigations" name="historyPage" time="2.376"/>
  <testcase classname="homeTestCases.navigations" name="settingsNavigations" time="0.197"/>
  <testcase classname="homeTestCases.navigations" name="storeNavigation" time="5.114"/>
  <testcase classname="gamePage.clickingBrushOrFloss" name="clickingOnActivities" time="7.275"/>
  <testcase classname="LoginPage.LoginTestConsumer" name="newLoginAddChild" time="13.845"/>
  <testcase classname="LoginPage.LoginTestConsumer" name="oldUserLoginAddChild" time="30.34">
    <failure type="com.microsoft.playwright.TimeoutError" message="Error {
  message=&amp;apos;Timeout 30000ms exceeded.
  name=&amp;apos;TimeoutError
  stack=&amp;apos;TimeoutError: Timeout 30000ms exceeded.
    at ProgressController.run (C:\Users\gauta\AppData\Local\Temp\playwright-java-7300592778215919104\package\lib\server\progress.js:75:26)
    at Frame.type (C:\Users\gauta\AppData\Local\Temp\playwright-java-7300592778215919104\package\lib\server\frames.js:1207:23)
    at FrameDispatcher.type (C:\Users\gauta\AppData\Local\Temp\playwright-java-7300592778215919104\package\lib\server\dispatchers\frameDispatcher.js:248:30)
    at FrameDispatcher._handleCommand (C:\Users\gauta\AppData\Local\Temp\playwright-java-7300592778215919104\package\lib\server\dispatchers\dispatcher.js:96:40)
    at DispatcherConnection.dispatch (C:\Users\gauta\AppData\Local\Temp\playwright-java-7300592778215919104\package\lib\server\dispatchers\dispatcher.js:366:39)
}
Call log:
-   - waiting for getByPlaceholder(&amp;quot;Email&amp;quot;)
">
      <![CDATA[com.microsoft.playwright.TimeoutError: Error {
  message='Timeout 30000ms exceeded.
  name='TimeoutError
  stack='TimeoutError: Timeout 30000ms exceeded.
    at ProgressController.run (C:\Users\gauta\AppData\Local\Temp\playwright-java-7300592778215919104\package\lib\server\progress.js:75:26)
    at Frame.type (C:\Users\gauta\AppData\Local\Temp\playwright-java-7300592778215919104\package\lib\server\frames.js:1207:23)
    at FrameDispatcher.type (C:\Users\gauta\AppData\Local\Temp\playwright-java-7300592778215919104\package\lib\server\dispatchers\frameDispatcher.js:248:30)
    at FrameDispatcher._handleCommand (C:\Users\gauta\AppData\Local\Temp\playwright-java-7300592778215919104\package\lib\server\dispatchers\dispatcher.js:96:40)
    at DispatcherConnection.dispatch (C:\Users\gauta\AppData\Local\Temp\playwright-java-7300592778215919104\package\lib\server\dispatchers\dispatcher.js:366:39)
}
Call log:
-   - waiting for getByPlaceholder("Email")

at com.microsoft.playwright.impl.WaitableResult.get(WaitableResult.java:52)
at com.microsoft.playwright.impl.ChannelOwner.runUntil(ChannelOwner.java:132)
at com.microsoft.playwright.impl.Connection.sendMessage(Connection.java:130)
at com.microsoft.playwright.impl.ChannelOwner.sendMessage(ChannelOwner.java:118)
at com.microsoft.playwright.impl.FrameImpl.typeImpl(FrameImpl.java:843)
at com.microsoft.playwright.impl.FrameImpl.lambda$type$40(FrameImpl.java:833)
at com.microsoft.playwright.impl.LoggingSupport.lambda$withLogging$0(LoggingSupport.java:36)
at com.microsoft.playwright.impl.LoggingSupport.withLogging(LoggingSupport.java:47)
at com.microsoft.playwright.impl.ChannelOwner.withLogging(ChannelOwner.java:97)
at com.microsoft.playwright.impl.LoggingSupport.withLogging(LoggingSupport.java:35)
at com.microsoft.playwright.impl.FrameImpl.type(FrameImpl.java:833)
at com.microsoft.playwright.impl.LocatorImpl.type(LocatorImpl.java:614)
at com.microsoft.playwright.Locator.type(Locator.java:5302)
at LoginPage.LoginTestConsumer.oldUserLoginAddChild(LoginTestConsumer.java:89)
at java.base/java.util.ArrayList.forEach(ArrayList.java:1596)
Caused by: com.microsoft.playwright.TimeoutError: Error {
  message='Timeout 30000ms exceeded.
  name='TimeoutError
  stack='TimeoutError: Timeout 30000ms exceeded.
    at ProgressController.run (C:\Users\gauta\AppData\Local\Temp\playwright-java-7300592778215919104\package\lib\server\progress.js:75:26)
    at Frame.type (C:\Users\gauta\AppData\Local\Temp\playwright-java-7300592778215919104\package\lib\server\frames.js:1207:23)
    at FrameDispatcher.type (C:\Users\gauta\AppData\Local\Temp\playwright-java-7300592778215919104\package\lib\server\dispatchers\frameDispatcher.js:248:30)
    at FrameDispatcher._handleCommand (C:\Users\gauta\AppData\Local\Temp\playwright-java-7300592778215919104\package\lib\server\dispatchers\dispatcher.js:96:40)
    at DispatcherConnection.dispatch (C:\Users\gauta\AppData\Local\Temp\playwright-java-7300592778215919104\package\lib\server\dispatchers\dispatcher.js:366:39)
}
Call log:
-   - waiting for getByPlaceholder("Email")

at com.microsoft.playwright.impl.Connection.dispatch(Connection.java:254)
at com.microsoft.playwright.impl.Connection.processOneMessage(Connection.java:211)
at com.microsoft.playwright.impl.ChannelOwner.runUntil(ChannelOwner.java:130)
... 38 more
... Removed 25 stack frames]]>
    </failure>
  </testcase> <!-- oldUserLoginAddChild -->
  <testcase classname="SettingsPage.settingsTestCases" name="login" time="17.002"/>
  <testcase classname="SettingsPage.settingsTestCases" name="changeParentName" time="0.354"/>
</testsuite> <!-- Desktop Tests -->
