<?xml version="1.0" encoding="UTF-8"?>
<!-- Generated by org.testng.reporters.JUnitXMLReporter -->
<testsuite ignored="0" hostname="Gautam" failures="10" tests="11" name="iPhone Tests" time="33.957" errors="0" timestamp="2025-04-29T17:31:46 IST">
  <testcase classname="homeTestCases.navigationsIphone" name="chooseReward" time="0.825">
    <failure type="com.microsoft.playwright.impl.TargetClosedError" message="Error {
  message=&amp;apos;Target page, context or browser has been closed
  name=&amp;apos;TargetClosedError
  stack=&amp;apos;TargetClosedError:Target page, context or browser has been closed
Error
    at captureRawStack (C:\Users\gauta\AppData\Local\Temp\playwright-java-7300592778215919104\package\lib\utils\isomorphic\stackTrace.js:36:17)
    at LongStandingScope._race (C:\Users\gauta\AppData\Local\Temp\playwright-java-7300592778215919104\package\lib\utils\isomorphic\manualPromise.js:89:52)
    at LongStandingScope.race (C:\Users\gauta\AppData\Local\Temp\playwright-java-7300592778215919104\package\lib\utils\isomorphic\manualPromise.js:82:17)
    at FrameDispatcher._handleCommand (C:\Users\gauta\AppData\Local\Temp\playwright-java-7300592778215919104\package\lib\server\dispatchers\dispatcher.js:98:36)
    at DispatcherConnection.dispatch (C:\Users\gauta\AppData\Local\Temp\playwright-java-7300592778215919104\package\lib\server\dispatchers\dispatcher.js:366:39)
}
Call log:
-   - navigating to &amp;quot;https://ernx-consumer.vercel.app/login&amp;quot;, waiting until &amp;quot;load&amp;quot;
">
      <![CDATA[com.microsoft.playwright.impl.TargetClosedError: Error {
  message='Target page, context or browser has been closed
  name='TargetClosedError
  stack='TargetClosedError:Target page, context or browser has been closed
Error
    at captureRawStack (C:\Users\gauta\AppData\Local\Temp\playwright-java-7300592778215919104\package\lib\utils\isomorphic\stackTrace.js:36:17)
    at LongStandingScope._race (C:\Users\gauta\AppData\Local\Temp\playwright-java-7300592778215919104\package\lib\utils\isomorphic\manualPromise.js:89:52)
    at LongStandingScope.race (C:\Users\gauta\AppData\Local\Temp\playwright-java-7300592778215919104\package\lib\utils\isomorphic\manualPromise.js:82:17)
    at FrameDispatcher._handleCommand (C:\Users\gauta\AppData\Local\Temp\playwright-java-7300592778215919104\package\lib\server\dispatchers\dispatcher.js:98:36)
    at DispatcherConnection.dispatch (C:\Users\gauta\AppData\Local\Temp\playwright-java-7300592778215919104\package\lib\server\dispatchers\dispatcher.js:366:39)
}
Call log:
-   - navigating to "https://ernx-consumer.vercel.app/login", waiting until "load"

at com.microsoft.playwright.impl.WaitableResult.get(WaitableResult.java:54)
at com.microsoft.playwright.impl.ChannelOwner.runUntil(ChannelOwner.java:132)
at com.microsoft.playwright.impl.Connection.sendMessage(Connection.java:130)
at com.microsoft.playwright.impl.ChannelOwner.sendMessage(ChannelOwner.java:118)
at com.microsoft.playwright.impl.FrameImpl.navigateImpl(FrameImpl.java:463)
at com.microsoft.playwright.impl.PageImpl.lambda$navigate$47(PageImpl.java:943)
at com.microsoft.playwright.impl.LoggingSupport.withLogging(LoggingSupport.java:47)
at com.microsoft.playwright.impl.ChannelOwner.withLogging(ChannelOwner.java:97)
at com.microsoft.playwright.impl.PageImpl.navigate(PageImpl.java:943)
at com.microsoft.playwright.impl.PageImpl.navigate(PageImpl.java:42)
at com.microsoft.playwright.Page.navigate(Page.java:5491)
at homeTestCases.navigationsIphone.login(navigationsIphone.java:40)
at homeTestCases.navigationsIphone.chooseReward(navigationsIphone.java:84)
at java.base/java.util.ArrayList.forEach(ArrayList.java:1596)
Caused by: com.microsoft.playwright.impl.TargetClosedError: Error {
  message='Target page, context or browser has been closed
  name='TargetClosedError
  stack='TargetClosedError:Target page, context or browser has been closed
Error
    at captureRawStack (C:\Users\gauta\AppData\Local\Temp\playwright-java-7300592778215919104\package\lib\utils\isomorphic\stackTrace.js:36:17)
    at LongStandingScope._race (C:\Users\gauta\AppData\Local\Temp\playwright-java-7300592778215919104\package\lib\utils\isomorphic\manualPromise.js:89:52)
    at LongStandingScope.race (C:\Users\gauta\AppData\Local\Temp\playwright-java-7300592778215919104\package\lib\utils\isomorphic\manualPromise.js:82:17)
    at FrameDispatcher._handleCommand (C:\Users\gauta\AppData\Local\Temp\playwright-java-7300592778215919104\package\lib\server\dispatchers\dispatcher.js:98:36)
    at DispatcherConnection.dispatch (C:\Users\gauta\AppData\Local\Temp\playwright-java-7300592778215919104\package\lib\server\dispatchers\dispatcher.js:366:39)
}
Call log:
-   - navigating to "https://ernx-consumer.vercel.app/login", waiting until "load"

at com.microsoft.playwright.impl.Connection.dispatch(Connection.java:256)
at com.microsoft.playwright.impl.Connection.processOneMessage(Connection.java:211)
at com.microsoft.playwright.impl.ChannelOwner.runUntil(ChannelOwner.java:130)
... 37 more
... Removed 25 stack frames]]>
    </failure>
  </testcase> <!-- chooseReward -->
  <testcase classname="homeTestCases.navigationsIphone" name="gameRules" time="0.003">
    <failure type="com.microsoft.playwright.impl.TargetClosedError" message="Error {
  message=&amp;apos;Target page, context or browser has been closed
  name=&amp;apos;TargetClosedError
  stack=&amp;apos;TargetClosedError: Target page, context or browser has been closed
    at DispatcherConnection.dispatch (C:\Users\gauta\AppData\Local\Temp\playwright-java-7300592778215919104\package\lib\server\dispatchers\dispatcher.js:283:44)
    at transport.onmessage (C:\Users\gauta\AppData\Local\Temp\playwright-java-7300592778215919104\package\lib\cli\driver.js:52:57)
    at Immediate._onImmediate (C:\Users\gauta\AppData\Local\Temp\playwright-java-7300592778215919104\package\lib\server\utils\pipeTransport.js:77:34)
    at process.processImmediate (node:internal/timers:491:21)
}">
      <![CDATA[com.microsoft.playwright.impl.TargetClosedError: Error {
  message='Target page, context or browser has been closed
  name='TargetClosedError
  stack='TargetClosedError: Target page, context or browser has been closed
    at DispatcherConnection.dispatch (C:\Users\gauta\AppData\Local\Temp\playwright-java-7300592778215919104\package\lib\server\dispatchers\dispatcher.js:283:44)
    at transport.onmessage (C:\Users\gauta\AppData\Local\Temp\playwright-java-7300592778215919104\package\lib\cli\driver.js:52:57)
    at Immediate._onImmediate (C:\Users\gauta\AppData\Local\Temp\playwright-java-7300592778215919104\package\lib\server\utils\pipeTransport.js:77:34)
    at process.processImmediate (node:internal/timers:491:21)
}
at com.microsoft.playwright.impl.WaitableResult.get(WaitableResult.java:54)
at com.microsoft.playwright.impl.ChannelOwner.runUntil(ChannelOwner.java:132)
at com.microsoft.playwright.impl.Connection.sendMessage(Connection.java:130)
at com.microsoft.playwright.impl.ChannelOwner.sendMessage(ChannelOwner.java:118)
at com.microsoft.playwright.impl.FrameImpl.clickImpl(FrameImpl.java:252)
at com.microsoft.playwright.impl.FrameImpl.lambda$click$8(FrameImpl.java:243)
at com.microsoft.playwright.impl.LoggingSupport.lambda$withLogging$0(LoggingSupport.java:36)
at com.microsoft.playwright.impl.LoggingSupport.withLogging(LoggingSupport.java:47)
at com.microsoft.playwright.impl.ChannelOwner.withLogging(ChannelOwner.java:97)
at com.microsoft.playwright.impl.LoggingSupport.withLogging(LoggingSupport.java:35)
at com.microsoft.playwright.impl.FrameImpl.click(FrameImpl.java:243)
at com.microsoft.playwright.impl.LocatorImpl.click(LocatorImpl.java:174)
at com.microsoft.playwright.Locator.click(Locator.java:2508)
at homeTestCases.navigationsIphone.gameRules(navigationsIphone.java:94)
at java.base/java.util.ArrayList.forEach(ArrayList.java:1596)
Caused by: com.microsoft.playwright.impl.TargetClosedError: Error {
  message='Target page, context or browser has been closed
  name='TargetClosedError
  stack='TargetClosedError: Target page, context or browser has been closed
    at DispatcherConnection.dispatch (C:\Users\gauta\AppData\Local\Temp\playwright-java-7300592778215919104\package\lib\server\dispatchers\dispatcher.js:283:44)
    at transport.onmessage (C:\Users\gauta\AppData\Local\Temp\playwright-java-7300592778215919104\package\lib\cli\driver.js:52:57)
    at Immediate._onImmediate (C:\Users\gauta\AppData\Local\Temp\playwright-java-7300592778215919104\package\lib\server\utils\pipeTransport.js:77:34)
    at process.processImmediate (node:internal/timers:491:21)
}
at com.microsoft.playwright.impl.Connection.dispatch(Connection.java:256)
at com.microsoft.playwright.impl.Connection.processOneMessage(Connection.java:211)
at com.microsoft.playwright.impl.ChannelOwner.runUntil(ChannelOwner.java:130)
... 38 more
... Removed 25 stack frames]]>
    </failure>
  </testcase> <!-- gameRules -->
  <testcase classname="homeTestCases.navigationsIphone" name="historyPage" time="0.001">
    <failure type="com.microsoft.playwright.impl.TargetClosedError" message="Error {
  message=&amp;apos;Target page, context or browser has been closed
  name=&amp;apos;TargetClosedError
  stack=&amp;apos;TargetClosedError: Target page, context or browser has been closed
    at DispatcherConnection.dispatch (C:\Users\gauta\AppData\Local\Temp\playwright-java-7300592778215919104\package\lib\server\dispatchers\dispatcher.js:283:44)
    at transport.onmessage (C:\Users\gauta\AppData\Local\Temp\playwright-java-7300592778215919104\package\lib\cli\driver.js:52:57)
    at Immediate._onImmediate (C:\Users\gauta\AppData\Local\Temp\playwright-java-7300592778215919104\package\lib\server\utils\pipeTransport.js:77:34)
    at process.processImmediate (node:internal/timers:491:21)
}">
      <![CDATA[com.microsoft.playwright.impl.TargetClosedError: Error {
  message='Target page, context or browser has been closed
  name='TargetClosedError
  stack='TargetClosedError: Target page, context or browser has been closed
    at DispatcherConnection.dispatch (C:\Users\gauta\AppData\Local\Temp\playwright-java-7300592778215919104\package\lib\server\dispatchers\dispatcher.js:283:44)
    at transport.onmessage (C:\Users\gauta\AppData\Local\Temp\playwright-java-7300592778215919104\package\lib\cli\driver.js:52:57)
    at Immediate._onImmediate (C:\Users\gauta\AppData\Local\Temp\playwright-java-7300592778215919104\package\lib\server\utils\pipeTransport.js:77:34)
    at process.processImmediate (node:internal/timers:491:21)
}
at com.microsoft.playwright.impl.WaitableResult.get(WaitableResult.java:54)
at com.microsoft.playwright.impl.ChannelOwner.runUntil(ChannelOwner.java:132)
at com.microsoft.playwright.impl.Connection.sendMessage(Connection.java:130)
at com.microsoft.playwright.impl.ChannelOwner.sendMessage(ChannelOwner.java:118)
at com.microsoft.playwright.impl.FrameImpl.clickImpl(FrameImpl.java:252)
at com.microsoft.playwright.impl.FrameImpl.lambda$click$8(FrameImpl.java:243)
at com.microsoft.playwright.impl.LoggingSupport.lambda$withLogging$0(LoggingSupport.java:36)
at com.microsoft.playwright.impl.LoggingSupport.withLogging(LoggingSupport.java:47)
at com.microsoft.playwright.impl.ChannelOwner.withLogging(ChannelOwner.java:97)
at com.microsoft.playwright.impl.LoggingSupport.withLogging(LoggingSupport.java:35)
at com.microsoft.playwright.impl.FrameImpl.click(FrameImpl.java:243)
at com.microsoft.playwright.impl.LocatorImpl.click(LocatorImpl.java:174)
at com.microsoft.playwright.Locator.click(Locator.java:2508)
at homeTestCases.navigationsIphone.historyPage(navigationsIphone.java:101)
at java.base/java.util.ArrayList.forEach(ArrayList.java:1596)
Caused by: com.microsoft.playwright.impl.TargetClosedError: Error {
  message='Target page, context or browser has been closed
  name='TargetClosedError
  stack='TargetClosedError: Target page, context or browser has been closed
    at DispatcherConnection.dispatch (C:\Users\gauta\AppData\Local\Temp\playwright-java-7300592778215919104\package\lib\server\dispatchers\dispatcher.js:283:44)
    at transport.onmessage (C:\Users\gauta\AppData\Local\Temp\playwright-java-7300592778215919104\package\lib\cli\driver.js:52:57)
    at Immediate._onImmediate (C:\Users\gauta\AppData\Local\Temp\playwright-java-7300592778215919104\package\lib\server\utils\pipeTransport.js:77:34)
    at process.processImmediate (node:internal/timers:491:21)
}
at com.microsoft.playwright.impl.Connection.dispatch(Connection.java:256)
at com.microsoft.playwright.impl.Connection.processOneMessage(Connection.java:211)
at com.microsoft.playwright.impl.ChannelOwner.runUntil(ChannelOwner.java:130)
... 38 more
... Removed 25 stack frames]]>
    </failure>
  </testcase> <!-- historyPage -->
  <testcase classname="homeTestCases.navigationsIphone" name="storeNavigation" time="0.001">
    <failure type="com.microsoft.playwright.impl.TargetClosedError" message="Error {
  message=&amp;apos;Target page, context or browser has been closed
  name=&amp;apos;TargetClosedError
  stack=&amp;apos;TargetClosedError: Target page, context or browser has been closed
    at DispatcherConnection.dispatch (C:\Users\gauta\AppData\Local\Temp\playwright-java-7300592778215919104\package\lib\server\dispatchers\dispatcher.js:283:44)
    at transport.onmessage (C:\Users\gauta\AppData\Local\Temp\playwright-java-7300592778215919104\package\lib\cli\driver.js:52:57)
    at Immediate._onImmediate (C:\Users\gauta\AppData\Local\Temp\playwright-java-7300592778215919104\package\lib\server\utils\pipeTransport.js:77:34)
    at process.processImmediate (node:internal/timers:491:21)
}">
      <![CDATA[com.microsoft.playwright.impl.TargetClosedError: Error {
  message='Target page, context or browser has been closed
  name='TargetClosedError
  stack='TargetClosedError: Target page, context or browser has been closed
    at DispatcherConnection.dispatch (C:\Users\gauta\AppData\Local\Temp\playwright-java-7300592778215919104\package\lib\server\dispatchers\dispatcher.js:283:44)
    at transport.onmessage (C:\Users\gauta\AppData\Local\Temp\playwright-java-7300592778215919104\package\lib\cli\driver.js:52:57)
    at Immediate._onImmediate (C:\Users\gauta\AppData\Local\Temp\playwright-java-7300592778215919104\package\lib\server\utils\pipeTransport.js:77:34)
    at process.processImmediate (node:internal/timers:491:21)
}
at com.microsoft.playwright.impl.WaitableResult.get(WaitableResult.java:54)
at com.microsoft.playwright.impl.ChannelOwner.runUntil(ChannelOwner.java:132)
at com.microsoft.playwright.impl.Connection.sendMessage(Connection.java:130)
at com.microsoft.playwright.impl.ChannelOwner.sendMessage(ChannelOwner.java:118)
at com.microsoft.playwright.impl.FrameImpl.clickImpl(FrameImpl.java:252)
at com.microsoft.playwright.impl.FrameImpl.lambda$click$8(FrameImpl.java:243)
at com.microsoft.playwright.impl.LoggingSupport.lambda$withLogging$0(LoggingSupport.java:36)
at com.microsoft.playwright.impl.LoggingSupport.withLogging(LoggingSupport.java:47)
at com.microsoft.playwright.impl.ChannelOwner.withLogging(ChannelOwner.java:97)
at com.microsoft.playwright.impl.LoggingSupport.withLogging(LoggingSupport.java:35)
at com.microsoft.playwright.impl.FrameImpl.click(FrameImpl.java:243)
at com.microsoft.playwright.impl.LocatorImpl.click(LocatorImpl.java:174)
at com.microsoft.playwright.Locator.click(Locator.java:2508)
at homeTestCases.navigationsIphone.storeNavigation(navigationsIphone.java:121)
at java.base/java.util.ArrayList.forEach(ArrayList.java:1596)
Caused by: com.microsoft.playwright.impl.TargetClosedError: Error {
  message='Target page, context or browser has been closed
  name='TargetClosedError
  stack='TargetClosedError: Target page, context or browser has been closed
    at DispatcherConnection.dispatch (C:\Users\gauta\AppData\Local\Temp\playwright-java-7300592778215919104\package\lib\server\dispatchers\dispatcher.js:283:44)
    at transport.onmessage (C:\Users\gauta\AppData\Local\Temp\playwright-java-7300592778215919104\package\lib\cli\driver.js:52:57)
    at Immediate._onImmediate (C:\Users\gauta\AppData\Local\Temp\playwright-java-7300592778215919104\package\lib\server\utils\pipeTransport.js:77:34)
    at process.processImmediate (node:internal/timers:491:21)
}
at com.microsoft.playwright.impl.Connection.dispatch(Connection.java:256)
at com.microsoft.playwright.impl.Connection.processOneMessage(Connection.java:211)
at com.microsoft.playwright.impl.ChannelOwner.runUntil(ChannelOwner.java:130)
... 38 more
... Removed 25 stack frames]]>
    </failure>
  </testcase> <!-- storeNavigation -->
  <testcase classname="homeTestCases.navigationsIphone" name="settingsNavigations" time="0.001">
    <failure type="com.microsoft.playwright.impl.TargetClosedError" message="Error {
  message=&amp;apos;Target page, context or browser has been closed
  name=&amp;apos;TargetClosedError
  stack=&amp;apos;TargetClosedError: Target page, context or browser has been closed
    at DispatcherConnection.dispatch (C:\Users\gauta\AppData\Local\Temp\playwright-java-7300592778215919104\package\lib\server\dispatchers\dispatcher.js:283:44)
    at transport.onmessage (C:\Users\gauta\AppData\Local\Temp\playwright-java-7300592778215919104\package\lib\cli\driver.js:52:57)
    at Immediate._onImmediate (C:\Users\gauta\AppData\Local\Temp\playwright-java-7300592778215919104\package\lib\server\utils\pipeTransport.js:77:34)
    at process.processImmediate (node:internal/timers:491:21)
}">
      <![CDATA[com.microsoft.playwright.impl.TargetClosedError: Error {
  message='Target page, context or browser has been closed
  name='TargetClosedError
  stack='TargetClosedError: Target page, context or browser has been closed
    at DispatcherConnection.dispatch (C:\Users\gauta\AppData\Local\Temp\playwright-java-7300592778215919104\package\lib\server\dispatchers\dispatcher.js:283:44)
    at transport.onmessage (C:\Users\gauta\AppData\Local\Temp\playwright-java-7300592778215919104\package\lib\cli\driver.js:52:57)
    at Immediate._onImmediate (C:\Users\gauta\AppData\Local\Temp\playwright-java-7300592778215919104\package\lib\server\utils\pipeTransport.js:77:34)
    at process.processImmediate (node:internal/timers:491:21)
}
at com.microsoft.playwright.impl.WaitableResult.get(WaitableResult.java:54)
at com.microsoft.playwright.impl.ChannelOwner.runUntil(ChannelOwner.java:132)
at com.microsoft.playwright.impl.Connection.sendMessage(Connection.java:130)
at com.microsoft.playwright.impl.ChannelOwner.sendMessage(ChannelOwner.java:118)
at com.microsoft.playwright.impl.FrameImpl.clickImpl(FrameImpl.java:252)
at com.microsoft.playwright.impl.FrameImpl.lambda$click$8(FrameImpl.java:243)
at com.microsoft.playwright.impl.LoggingSupport.lambda$withLogging$0(LoggingSupport.java:36)
at com.microsoft.playwright.impl.LoggingSupport.withLogging(LoggingSupport.java:47)
at com.microsoft.playwright.impl.ChannelOwner.withLogging(ChannelOwner.java:97)
at com.microsoft.playwright.impl.LoggingSupport.withLogging(LoggingSupport.java:35)
at com.microsoft.playwright.impl.FrameImpl.click(FrameImpl.java:243)
at com.microsoft.playwright.impl.LocatorImpl.click(LocatorImpl.java:174)
at com.microsoft.playwright.Locator.click(Locator.java:2508)
at homeTestCases.navigationsIphone.settingsNavigations(navigationsIphone.java:137)
at java.base/java.util.ArrayList.forEach(ArrayList.java:1596)
Caused by: com.microsoft.playwright.impl.TargetClosedError: Error {
  message='Target page, context or browser has been closed
  name='TargetClosedError
  stack='TargetClosedError: Target page, context or browser has been closed
    at DispatcherConnection.dispatch (C:\Users\gauta\AppData\Local\Temp\playwright-java-7300592778215919104\package\lib\server\dispatchers\dispatcher.js:283:44)
    at transport.onmessage (C:\Users\gauta\AppData\Local\Temp\playwright-java-7300592778215919104\package\lib\cli\driver.js:52:57)
    at Immediate._onImmediate (C:\Users\gauta\AppData\Local\Temp\playwright-java-7300592778215919104\package\lib\server\utils\pipeTransport.js:77:34)
    at process.processImmediate (node:internal/timers:491:21)
}
at com.microsoft.playwright.impl.Connection.dispatch(Connection.java:256)
at com.microsoft.playwright.impl.Connection.processOneMessage(Connection.java:211)
at com.microsoft.playwright.impl.ChannelOwner.runUntil(ChannelOwner.java:130)
... 38 more
... Removed 25 stack frames]]>
    </failure>
  </testcase> <!-- settingsNavigations -->
  <testcase classname="gamePage.clickingBrushOrFlossIphone" name="loginAndCreateChildIfNotExists" time="18.906"/>
  <testcase classname="gamePage.clickingBrushOrFlossIphone" name="clickingOnActivities" time="11.881">
    <failure type="com.microsoft.playwright.impl.TargetClosedError" message="Error {
  message=&amp;apos;Target page, context or browser has been closed
  name=&amp;apos;TargetClosedError
  stack=&amp;apos;TargetClosedError:Target page, context or browser has been closed
Error
    at captureRawStack (C:\Users\gauta\AppData\Local\Temp\playwright-java-7300592778215919104\package\lib\utils\isomorphic\stackTrace.js:36:17)
    at LongStandingScope._race (C:\Users\gauta\AppData\Local\Temp\playwright-java-7300592778215919104\package\lib\utils\isomorphic\manualPromise.js:89:52)
    at LongStandingScope.race (C:\Users\gauta\AppData\Local\Temp\playwright-java-7300592778215919104\package\lib\utils\isomorphic\manualPromise.js:82:17)
    at FrameDispatcher._handleCommand (C:\Users\gauta\AppData\Local\Temp\playwright-java-7300592778215919104\package\lib\server\dispatchers\dispatcher.js:98:36)
    at DispatcherConnection.dispatch (C:\Users\gauta\AppData\Local\Temp\playwright-java-7300592778215919104\package\lib\server\dispatchers\dispatcher.js:366:39)
}
Call log:
-   - waiting for locator(&amp;quot;xpath=(//button[contains(@class,&amp;apos;embla__dot&amp;apos;)])[last()]&amp;quot;) to be visible
-     28 × locator resolved to hidden &amp;lt;button class=&amp;quot;embla__dot &amp;quot; aria-label=&amp;quot;Go to slide 21&amp;quot;&amp;gt;&amp;lt;/button&amp;gt;
">
      <![CDATA[com.microsoft.playwright.impl.TargetClosedError: Error {
  message='Target page, context or browser has been closed
  name='TargetClosedError
  stack='TargetClosedError:Target page, context or browser has been closed
Error
    at captureRawStack (C:\Users\gauta\AppData\Local\Temp\playwright-java-7300592778215919104\package\lib\utils\isomorphic\stackTrace.js:36:17)
    at LongStandingScope._race (C:\Users\gauta\AppData\Local\Temp\playwright-java-7300592778215919104\package\lib\utils\isomorphic\manualPromise.js:89:52)
    at LongStandingScope.race (C:\Users\gauta\AppData\Local\Temp\playwright-java-7300592778215919104\package\lib\utils\isomorphic\manualPromise.js:82:17)
    at FrameDispatcher._handleCommand (C:\Users\gauta\AppData\Local\Temp\playwright-java-7300592778215919104\package\lib\server\dispatchers\dispatcher.js:98:36)
    at DispatcherConnection.dispatch (C:\Users\gauta\AppData\Local\Temp\playwright-java-7300592778215919104\package\lib\server\dispatchers\dispatcher.js:366:39)
}
Call log:
-   - waiting for locator("xpath=(//button[contains(@class,'embla__dot')])[last()]") to be visible
-     28 × locator resolved to hidden <button class="embla__dot " aria-label="Go to slide 21"></button>

at com.microsoft.playwright.impl.WaitableResult.get(WaitableResult.java:54)
at com.microsoft.playwright.impl.ChannelOwner.runUntil(ChannelOwner.java:132)
at com.microsoft.playwright.impl.Connection.sendMessage(Connection.java:130)
at com.microsoft.playwright.impl.ChannelOwner.sendMessage(ChannelOwner.java:118)
at com.microsoft.playwright.impl.FrameImpl.waitForSelectorImpl(FrameImpl.java:1060)
at com.microsoft.playwright.impl.LocatorImpl.lambda$waitForImpl$8(LocatorImpl.java:634)
at com.microsoft.playwright.impl.LoggingSupport.withLogging(LoggingSupport.java:47)
at com.microsoft.playwright.impl.ChannelOwner.withLogging(ChannelOwner.java:97)
at com.microsoft.playwright.impl.LocatorImpl.waitForImpl(LocatorImpl.java:634)
at com.microsoft.playwright.impl.LocatorImpl.waitFor(LocatorImpl.java:630)
at gamePage.clickingBrushOrFlossIphone.clickingOnActivities(clickingBrushOrFlossIphone.java:94)
at java.base/java.util.ArrayList.forEach(ArrayList.java:1596)
Caused by: com.microsoft.playwright.impl.TargetClosedError: Error {
  message='Target page, context or browser has been closed
  name='TargetClosedError
  stack='TargetClosedError:Target page, context or browser has been closed
Error
    at captureRawStack (C:\Users\gauta\AppData\Local\Temp\playwright-java-7300592778215919104\package\lib\utils\isomorphic\stackTrace.js:36:17)
    at LongStandingScope._race (C:\Users\gauta\AppData\Local\Temp\playwright-java-7300592778215919104\package\lib\utils\isomorphic\manualPromise.js:89:52)
    at LongStandingScope.race (C:\Users\gauta\AppData\Local\Temp\playwright-java-7300592778215919104\package\lib\utils\isomorphic\manualPromise.js:82:17)
    at FrameDispatcher._handleCommand (C:\Users\gauta\AppData\Local\Temp\playwright-java-7300592778215919104\package\lib\server\dispatchers\dispatcher.js:98:36)
    at DispatcherConnection.dispatch (C:\Users\gauta\AppData\Local\Temp\playwright-java-7300592778215919104\package\lib\server\dispatchers\dispatcher.js:366:39)
}
Call log:
-   - waiting for locator("xpath=(//button[contains(@class,'embla__dot')])[last()]") to be visible
-     28 × locator resolved to hidden <button class="embla__dot " aria-label="Go to slide 21"></button>

at com.microsoft.playwright.impl.Connection.dispatch(Connection.java:256)
at com.microsoft.playwright.impl.Connection.processOneMessage(Connection.java:211)
at com.microsoft.playwright.impl.ChannelOwner.runUntil(ChannelOwner.java:130)
... 35 more
... Removed 25 stack frames]]>
    </failure>
  </testcase> <!-- clickingOnActivities -->
  <testcase classname="LoginPage.LoginTestConsumerIphone" name="newLoginAddChild" time="0.002">
    <failure type="com.microsoft.playwright.impl.TargetClosedError" message="Error {
  message=&amp;apos;Target page, context or browser has been closed
  name=&amp;apos;TargetClosedError
  stack=&amp;apos;TargetClosedError: Target page, context or browser has been closed
    at DispatcherConnection.dispatch (C:\Users\gauta\AppData\Local\Temp\playwright-java-7300592778215919104\package\lib\server\dispatchers\dispatcher.js:283:44)
    at transport.onmessage (C:\Users\gauta\AppData\Local\Temp\playwright-java-7300592778215919104\package\lib\cli\driver.js:52:57)
    at Immediate._onImmediate (C:\Users\gauta\AppData\Local\Temp\playwright-java-7300592778215919104\package\lib\server\utils\pipeTransport.js:77:34)
    at process.processImmediate (node:internal/timers:491:21)
}">
      <![CDATA[com.microsoft.playwright.impl.TargetClosedError: Error {
  message='Target page, context or browser has been closed
  name='TargetClosedError
  stack='TargetClosedError: Target page, context or browser has been closed
    at DispatcherConnection.dispatch (C:\Users\gauta\AppData\Local\Temp\playwright-java-7300592778215919104\package\lib\server\dispatchers\dispatcher.js:283:44)
    at transport.onmessage (C:\Users\gauta\AppData\Local\Temp\playwright-java-7300592778215919104\package\lib\cli\driver.js:52:57)
    at Immediate._onImmediate (C:\Users\gauta\AppData\Local\Temp\playwright-java-7300592778215919104\package\lib\server\utils\pipeTransport.js:77:34)
    at process.processImmediate (node:internal/timers:491:21)
}
at com.microsoft.playwright.impl.WaitableResult.get(WaitableResult.java:54)
at com.microsoft.playwright.impl.ChannelOwner.runUntil(ChannelOwner.java:132)
at com.microsoft.playwright.impl.Connection.sendMessage(Connection.java:130)
at com.microsoft.playwright.impl.ChannelOwner.sendMessage(ChannelOwner.java:118)
at com.microsoft.playwright.impl.FrameImpl.navigateImpl(FrameImpl.java:463)
at com.microsoft.playwright.impl.PageImpl.lambda$navigate$47(PageImpl.java:943)
at com.microsoft.playwright.impl.LoggingSupport.withLogging(LoggingSupport.java:47)
at com.microsoft.playwright.impl.ChannelOwner.withLogging(ChannelOwner.java:97)
at com.microsoft.playwright.impl.PageImpl.navigate(PageImpl.java:943)
at com.microsoft.playwright.impl.PageImpl.navigate(PageImpl.java:42)
at com.microsoft.playwright.Page.navigate(Page.java:5491)
at LoginPage.LoginTestConsumerIphone.newLoginAddChild(LoginTestConsumerIphone.java:43)
at java.base/java.util.ArrayList.forEach(ArrayList.java:1596)
Caused by: com.microsoft.playwright.impl.TargetClosedError: Error {
  message='Target page, context or browser has been closed
  name='TargetClosedError
  stack='TargetClosedError: Target page, context or browser has been closed
    at DispatcherConnection.dispatch (C:\Users\gauta\AppData\Local\Temp\playwright-java-7300592778215919104\package\lib\server\dispatchers\dispatcher.js:283:44)
    at transport.onmessage (C:\Users\gauta\AppData\Local\Temp\playwright-java-7300592778215919104\package\lib\cli\driver.js:52:57)
    at Immediate._onImmediate (C:\Users\gauta\AppData\Local\Temp\playwright-java-7300592778215919104\package\lib\server\utils\pipeTransport.js:77:34)
    at process.processImmediate (node:internal/timers:491:21)
}
at com.microsoft.playwright.impl.Connection.dispatch(Connection.java:256)
at com.microsoft.playwright.impl.Connection.processOneMessage(Connection.java:211)
at com.microsoft.playwright.impl.ChannelOwner.runUntil(ChannelOwner.java:130)
... 36 more
... Removed 25 stack frames]]>
    </failure>
  </testcase> <!-- newLoginAddChild -->
  <testcase classname="LoginPage.LoginTestConsumerIphone" name="oldUserLoginAddChild" time="0.001">
    <failure type="com.microsoft.playwright.impl.TargetClosedError" message="Error {
  message=&amp;apos;Target page, context or browser has been closed
  name=&amp;apos;TargetClosedError
  stack=&amp;apos;TargetClosedError: Target page, context or browser has been closed
    at DispatcherConnection.dispatch (C:\Users\gauta\AppData\Local\Temp\playwright-java-7300592778215919104\package\lib\server\dispatchers\dispatcher.js:283:44)
    at transport.onmessage (C:\Users\gauta\AppData\Local\Temp\playwright-java-7300592778215919104\package\lib\cli\driver.js:52:57)
    at Immediate._onImmediate (C:\Users\gauta\AppData\Local\Temp\playwright-java-7300592778215919104\package\lib\server\utils\pipeTransport.js:77:34)
    at process.processImmediate (node:internal/timers:491:21)
}">
      <![CDATA[com.microsoft.playwright.impl.TargetClosedError: Error {
  message='Target page, context or browser has been closed
  name='TargetClosedError
  stack='TargetClosedError: Target page, context or browser has been closed
    at DispatcherConnection.dispatch (C:\Users\gauta\AppData\Local\Temp\playwright-java-7300592778215919104\package\lib\server\dispatchers\dispatcher.js:283:44)
    at transport.onmessage (C:\Users\gauta\AppData\Local\Temp\playwright-java-7300592778215919104\package\lib\cli\driver.js:52:57)
    at Immediate._onImmediate (C:\Users\gauta\AppData\Local\Temp\playwright-java-7300592778215919104\package\lib\server\utils\pipeTransport.js:77:34)
    at process.processImmediate (node:internal/timers:491:21)
}
at com.microsoft.playwright.impl.WaitableResult.get(WaitableResult.java:54)
at com.microsoft.playwright.impl.ChannelOwner.runUntil(ChannelOwner.java:132)
at com.microsoft.playwright.impl.Connection.sendMessage(Connection.java:130)
at com.microsoft.playwright.impl.ChannelOwner.sendMessage(ChannelOwner.java:118)
at com.microsoft.playwright.impl.FrameImpl.navigateImpl(FrameImpl.java:463)
at com.microsoft.playwright.impl.PageImpl.lambda$navigate$47(PageImpl.java:943)
at com.microsoft.playwright.impl.LoggingSupport.withLogging(LoggingSupport.java:47)
at com.microsoft.playwright.impl.ChannelOwner.withLogging(ChannelOwner.java:97)
at com.microsoft.playwright.impl.PageImpl.navigate(PageImpl.java:943)
at com.microsoft.playwright.impl.PageImpl.navigate(PageImpl.java:42)
at com.microsoft.playwright.Page.navigate(Page.java:5491)
at LoginPage.LoginTestConsumerIphone.oldUserLoginAddChild(LoginTestConsumerIphone.java:91)
at java.base/java.util.ArrayList.forEach(ArrayList.java:1596)
Caused by: com.microsoft.playwright.impl.TargetClosedError: Error {
  message='Target page, context or browser has been closed
  name='TargetClosedError
  stack='TargetClosedError: Target page, context or browser has been closed
    at DispatcherConnection.dispatch (C:\Users\gauta\AppData\Local\Temp\playwright-java-7300592778215919104\package\lib\server\dispatchers\dispatcher.js:283:44)
    at transport.onmessage (C:\Users\gauta\AppData\Local\Temp\playwright-java-7300592778215919104\package\lib\cli\driver.js:52:57)
    at Immediate._onImmediate (C:\Users\gauta\AppData\Local\Temp\playwright-java-7300592778215919104\package\lib\server\utils\pipeTransport.js:77:34)
    at process.processImmediate (node:internal/timers:491:21)
}
at com.microsoft.playwright.impl.Connection.dispatch(Connection.java:256)
at com.microsoft.playwright.impl.Connection.processOneMessage(Connection.java:211)
at com.microsoft.playwright.impl.ChannelOwner.runUntil(ChannelOwner.java:130)
... 36 more
... Removed 25 stack frames]]>
    </failure>
  </testcase> <!-- oldUserLoginAddChild -->
  <testcase classname="SettingsPage.settingsTestCasesIphone" name="login" time="0.001">
    <failure type="com.microsoft.playwright.impl.TargetClosedError" message="Error {
  message=&amp;apos;Target page, context or browser has been closed
  name=&amp;apos;TargetClosedError
  stack=&amp;apos;TargetClosedError: Target page, context or browser has been closed
    at DispatcherConnection.dispatch (C:\Users\gauta\AppData\Local\Temp\playwright-java-7300592778215919104\package\lib\server\dispatchers\dispatcher.js:283:44)
    at transport.onmessage (C:\Users\gauta\AppData\Local\Temp\playwright-java-7300592778215919104\package\lib\cli\driver.js:52:57)
    at Immediate._onImmediate (C:\Users\gauta\AppData\Local\Temp\playwright-java-7300592778215919104\package\lib\server\utils\pipeTransport.js:77:34)
    at process.processImmediate (node:internal/timers:491:21)
}">
      <![CDATA[com.microsoft.playwright.impl.TargetClosedError: Error {
  message='Target page, context or browser has been closed
  name='TargetClosedError
  stack='TargetClosedError: Target page, context or browser has been closed
    at DispatcherConnection.dispatch (C:\Users\gauta\AppData\Local\Temp\playwright-java-7300592778215919104\package\lib\server\dispatchers\dispatcher.js:283:44)
    at transport.onmessage (C:\Users\gauta\AppData\Local\Temp\playwright-java-7300592778215919104\package\lib\cli\driver.js:52:57)
    at Immediate._onImmediate (C:\Users\gauta\AppData\Local\Temp\playwright-java-7300592778215919104\package\lib\server\utils\pipeTransport.js:77:34)
    at process.processImmediate (node:internal/timers:491:21)
}
at com.microsoft.playwright.impl.WaitableResult.get(WaitableResult.java:54)
at com.microsoft.playwright.impl.ChannelOwner.runUntil(ChannelOwner.java:132)
at com.microsoft.playwright.impl.Connection.sendMessage(Connection.java:130)
at com.microsoft.playwright.impl.ChannelOwner.sendMessage(ChannelOwner.java:118)
at com.microsoft.playwright.impl.FrameImpl.navigateImpl(FrameImpl.java:463)
at com.microsoft.playwright.impl.PageImpl.lambda$navigate$47(PageImpl.java:943)
at com.microsoft.playwright.impl.LoggingSupport.withLogging(LoggingSupport.java:47)
at com.microsoft.playwright.impl.ChannelOwner.withLogging(ChannelOwner.java:97)
at com.microsoft.playwright.impl.PageImpl.navigate(PageImpl.java:943)
at com.microsoft.playwright.impl.PageImpl.navigate(PageImpl.java:42)
at com.microsoft.playwright.Page.navigate(Page.java:5491)
at SettingsPage.settingsTestCasesIphone.login(settingsTestCasesIphone.java:51)
at java.base/java.util.ArrayList.forEach(ArrayList.java:1596)
Caused by: com.microsoft.playwright.impl.TargetClosedError: Error {
  message='Target page, context or browser has been closed
  name='TargetClosedError
  stack='TargetClosedError: Target page, context or browser has been closed
    at DispatcherConnection.dispatch (C:\Users\gauta\AppData\Local\Temp\playwright-java-7300592778215919104\package\lib\server\dispatchers\dispatcher.js:283:44)
    at transport.onmessage (C:\Users\gauta\AppData\Local\Temp\playwright-java-7300592778215919104\package\lib\cli\driver.js:52:57)
    at Immediate._onImmediate (C:\Users\gauta\AppData\Local\Temp\playwright-java-7300592778215919104\package\lib\server\utils\pipeTransport.js:77:34)
    at process.processImmediate (node:internal/timers:491:21)
}
at com.microsoft.playwright.impl.Connection.dispatch(Connection.java:256)
at com.microsoft.playwright.impl.Connection.processOneMessage(Connection.java:211)
at com.microsoft.playwright.impl.ChannelOwner.runUntil(ChannelOwner.java:130)
... 36 more
... Removed 25 stack frames]]>
    </failure>
  </testcase> <!-- login -->
  <testcase classname="SettingsPage.settingsTestCasesIphone" name="changeParentName" time="0.001">
    <failure type="com.microsoft.playwright.impl.TargetClosedError" message="Error {
  message=&amp;apos;Target page, context or browser has been closed
  name=&amp;apos;TargetClosedError
  stack=&amp;apos;TargetClosedError: Target page, context or browser has been closed
    at DispatcherConnection.dispatch (C:\Users\gauta\AppData\Local\Temp\playwright-java-7300592778215919104\package\lib\server\dispatchers\dispatcher.js:283:44)
    at transport.onmessage (C:\Users\gauta\AppData\Local\Temp\playwright-java-7300592778215919104\package\lib\cli\driver.js:52:57)
    at Immediate._onImmediate (C:\Users\gauta\AppData\Local\Temp\playwright-java-7300592778215919104\package\lib\server\utils\pipeTransport.js:77:34)
    at process.processImmediate (node:internal/timers:491:21)
}">
      <![CDATA[com.microsoft.playwright.impl.TargetClosedError: Error {
  message='Target page, context or browser has been closed
  name='TargetClosedError
  stack='TargetClosedError: Target page, context or browser has been closed
    at DispatcherConnection.dispatch (C:\Users\gauta\AppData\Local\Temp\playwright-java-7300592778215919104\package\lib\server\dispatchers\dispatcher.js:283:44)
    at transport.onmessage (C:\Users\gauta\AppData\Local\Temp\playwright-java-7300592778215919104\package\lib\cli\driver.js:52:57)
    at Immediate._onImmediate (C:\Users\gauta\AppData\Local\Temp\playwright-java-7300592778215919104\package\lib\server\utils\pipeTransport.js:77:34)
    at process.processImmediate (node:internal/timers:491:21)
}
at com.microsoft.playwright.impl.WaitableResult.get(WaitableResult.java:54)
at com.microsoft.playwright.impl.ChannelOwner.runUntil(ChannelOwner.java:132)
at com.microsoft.playwright.impl.Connection.sendMessage(Connection.java:130)
at com.microsoft.playwright.impl.ChannelOwner.sendMessage(ChannelOwner.java:118)
at com.microsoft.playwright.impl.FrameImpl.navigateImpl(FrameImpl.java:463)
at com.microsoft.playwright.impl.PageImpl.lambda$navigate$47(PageImpl.java:943)
at com.microsoft.playwright.impl.LoggingSupport.withLogging(LoggingSupport.java:47)
at com.microsoft.playwright.impl.ChannelOwner.withLogging(ChannelOwner.java:97)
at com.microsoft.playwright.impl.PageImpl.navigate(PageImpl.java:943)
at com.microsoft.playwright.impl.PageImpl.navigate(PageImpl.java:42)
at com.microsoft.playwright.Page.navigate(Page.java:5491)
at SettingsPage.settingsTestCasesIphone.login(settingsTestCasesIphone.java:51)
at SettingsPage.settingsTestCasesIphone.changeParentName(settingsTestCasesIphone.java:123)
at java.base/java.util.ArrayList.forEach(ArrayList.java:1596)
Caused by: com.microsoft.playwright.impl.TargetClosedError: Error {
  message='Target page, context or browser has been closed
  name='TargetClosedError
  stack='TargetClosedError: Target page, context or browser has been closed
    at DispatcherConnection.dispatch (C:\Users\gauta\AppData\Local\Temp\playwright-java-7300592778215919104\package\lib\server\dispatchers\dispatcher.js:283:44)
    at transport.onmessage (C:\Users\gauta\AppData\Local\Temp\playwright-java-7300592778215919104\package\lib\cli\driver.js:52:57)
    at Immediate._onImmediate (C:\Users\gauta\AppData\Local\Temp\playwright-java-7300592778215919104\package\lib\server\utils\pipeTransport.js:77:34)
    at process.processImmediate (node:internal/timers:491:21)
}
at com.microsoft.playwright.impl.Connection.dispatch(Connection.java:256)
at com.microsoft.playwright.impl.Connection.processOneMessage(Connection.java:211)
at com.microsoft.playwright.impl.ChannelOwner.runUntil(ChannelOwner.java:130)
... 37 more
... Removed 25 stack frames]]>
    </failure>
  </testcase> <!-- changeParentName -->
</testsuite> <!-- iPhone Tests -->
