<?xml version="1.0" encoding="UTF-8"?>
<!-- Generated by org.testng.reporters.JUnitXMLReporter -->
<testsuite ignored="0" hostname="Gautam" failures="3" tests="11" name="Android Tests" time="154.59" errors="0" timestamp="2025-04-29T17:50:51 IST">
  <testcase classname="homeTestCases.navigationsAndroid" name="testChooseReward" time="24.621"/>
  <testcase classname="homeTestCases.navigationsAndroid" name="testGameRules" time="0.467"/>
  <testcase classname="homeTestCases.navigationsAndroid" name="testHistoryPage" time="2.473"/>
  <testcase classname="homeTestCases.navigationsAndroid" name="testSendExtraPoints" time="30.027">
    <failure type="com.microsoft.playwright.TimeoutError" message="Error {
  message=&amp;apos;Timeout 30000ms exceeded.
  name=&amp;apos;TimeoutError
  stack=&amp;apos;TimeoutError: Timeout 30000ms exceeded.
    at ProgressController.run (C:\Users\gauta\AppData\Local\Temp\playwright-java-189160567917063070\package\lib\server\progress.js:75:26)
    at Frame.click (C:\Users\gauta\AppData\Local\Temp\playwright-java-189160567917063070\package\lib\server\frames.js:1022:23)
    at FrameDispatcher.click (C:\Users\gauta\AppData\Local\Temp\playwright-java-189160567917063070\package\lib\server\dispatchers\frameDispatcher.js:157:30)
    at FrameDispatcher._handleCommand (C:\Users\gauta\AppData\Local\Temp\playwright-java-189160567917063070\package\lib\server\dispatchers\dispatcher.js:96:40)
    at DispatcherConnection.dispatch (C:\Users\gauta\AppData\Local\Temp\playwright-java-189160567917063070\package\lib\server\dispatchers\dispatcher.js:366:39)
}
Call log:
-   - waiting for locator(&amp;quot;//button[normalize-space()=&amp;apos;Give Extra Points&amp;apos;]&amp;quot;)
">
      <![CDATA[com.microsoft.playwright.TimeoutError: Error {
  message='Timeout 30000ms exceeded.
  name='TimeoutError
  stack='TimeoutError: Timeout 30000ms exceeded.
    at ProgressController.run (C:\Users\gauta\AppData\Local\Temp\playwright-java-189160567917063070\package\lib\server\progress.js:75:26)
    at Frame.click (C:\Users\gauta\AppData\Local\Temp\playwright-java-189160567917063070\package\lib\server\frames.js:1022:23)
    at FrameDispatcher.click (C:\Users\gauta\AppData\Local\Temp\playwright-java-189160567917063070\package\lib\server\dispatchers\frameDispatcher.js:157:30)
    at FrameDispatcher._handleCommand (C:\Users\gauta\AppData\Local\Temp\playwright-java-189160567917063070\package\lib\server\dispatchers\dispatcher.js:96:40)
    at DispatcherConnection.dispatch (C:\Users\gauta\AppData\Local\Temp\playwright-java-189160567917063070\package\lib\server\dispatchers\dispatcher.js:366:39)
}
Call log:
-   - waiting for locator("//button[normalize-space()='Give Extra Points']")

at com.microsoft.playwright.impl.WaitableResult.get(WaitableResult.java:52)
at com.microsoft.playwright.impl.ChannelOwner.runUntil(ChannelOwner.java:132)
at com.microsoft.playwright.impl.Connection.sendMessage(Connection.java:130)
at com.microsoft.playwright.impl.ChannelOwner.sendMessage(ChannelOwner.java:118)
at com.microsoft.playwright.impl.FrameImpl.clickImpl(FrameImpl.java:252)
at com.microsoft.playwright.impl.FrameImpl.lambda$click$8(FrameImpl.java:243)
at com.microsoft.playwright.impl.LoggingSupport.lambda$withLogging$0(LoggingSupport.java:36)
at com.microsoft.playwright.impl.LoggingSupport.withLogging(LoggingSupport.java:47)
at com.microsoft.playwright.impl.ChannelOwner.withLogging(ChannelOwner.java:97)
at com.microsoft.playwright.impl.LoggingSupport.withLogging(LoggingSupport.java:35)
at com.microsoft.playwright.impl.FrameImpl.click(FrameImpl.java:243)
at com.microsoft.playwright.impl.LocatorImpl.click(LocatorImpl.java:174)
at com.microsoft.playwright.Locator.click(Locator.java:2508)
at homeTestCases.navigationsAndroid.testSendExtraPoints(navigationsAndroid.java:178)
at java.base/java.util.ArrayList.forEach(ArrayList.java:1596)
Caused by: com.microsoft.playwright.TimeoutError: Error {
  message='Timeout 30000ms exceeded.
  name='TimeoutError
  stack='TimeoutError: Timeout 30000ms exceeded.
    at ProgressController.run (C:\Users\gauta\AppData\Local\Temp\playwright-java-189160567917063070\package\lib\server\progress.js:75:26)
    at Frame.click (C:\Users\gauta\AppData\Local\Temp\playwright-java-189160567917063070\package\lib\server\frames.js:1022:23)
    at FrameDispatcher.click (C:\Users\gauta\AppData\Local\Temp\playwright-java-189160567917063070\package\lib\server\dispatchers\frameDispatcher.js:157:30)
    at FrameDispatcher._handleCommand (C:\Users\gauta\AppData\Local\Temp\playwright-java-189160567917063070\package\lib\server\dispatchers\dispatcher.js:96:40)
    at DispatcherConnection.dispatch (C:\Users\gauta\AppData\Local\Temp\playwright-java-189160567917063070\package\lib\server\dispatchers\dispatcher.js:366:39)
}
Call log:
-   - waiting for locator("//button[normalize-space()='Give Extra Points']")

at com.microsoft.playwright.impl.Connection.dispatch(Connection.java:254)
at com.microsoft.playwright.impl.Connection.processOneMessage(Connection.java:211)
at com.microsoft.playwright.impl.ChannelOwner.runUntil(ChannelOwner.java:130)
... 42 more
... Removed 29 stack frames]]>
    </failure>
  </testcase> <!-- testSendExtraPoints -->
  <testcase classname="homeTestCases.navigationsAndroid" name="testSettingsNavigation" time="0.23"/>
  <testcase classname="homeTestCases.navigationsAndroid" name="testStoreNavigation" time="5.109"/>
  <testcase classname="gamePage.clickingBrushOrFlossAndroid" name="login" time="19.611">
    <failure type="java.lang.AssertionError" message="Login Failed expected [true] but found [false]">
      <![CDATA[java.lang.AssertionError: Login Failed expected [true] but found [false]
at gamePage.clickingBrushOrFlossAndroid.login(clickingBrushOrFlossAndroid.java:80)
at java.base/java.util.ArrayList.forEach(ArrayList.java:1596)
... Removed 32 stack frames]]>
    </failure>
  </testcase> <!-- login -->
  <testcase classname="gamePage.clickingBrushOrFlossAndroid" name="clickingOnActivities" time="0.001">
    <skipped/>
  </testcase> <!-- clickingOnActivities -->
  <testcase classname="LoginPage.LoginTestConsumerAndroid" name="oldUserLoginAddChild" time="24.26"/>
  <testcase classname="SettingsPage.settingsTestCasesAndroid" name="login" time="14.029"/>
  <testcase classname="SettingsPage.settingsTestCasesAndroid" name="changeParentName" time="30.278">
    <failure type="com.microsoft.playwright.TimeoutError" message="Error {
  message=&amp;apos;Timeout 30000ms exceeded.
  name=&amp;apos;TimeoutError
  stack=&amp;apos;TimeoutError: Timeout 30000ms exceeded.
    at ProgressController.run (C:\Users\gauta\AppData\Local\Temp\playwright-java-189160567917063070\package\lib\server\progress.js:75:26)
    at Frame.type (C:\Users\gauta\AppData\Local\Temp\playwright-java-189160567917063070\package\lib\server\frames.js:1207:23)
    at FrameDispatcher.type (C:\Users\gauta\AppData\Local\Temp\playwright-java-189160567917063070\package\lib\server\dispatchers\frameDispatcher.js:248:30)
    at FrameDispatcher._handleCommand (C:\Users\gauta\AppData\Local\Temp\playwright-java-189160567917063070\package\lib\server\dispatchers\dispatcher.js:96:40)
    at DispatcherConnection.dispatch (C:\Users\gauta\AppData\Local\Temp\playwright-java-189160567917063070\package\lib\server\dispatchers\dispatcher.js:366:39)
}
Call log:
-   - waiting for getByPlaceholder(&amp;quot;Email&amp;quot;)
">
      <![CDATA[com.microsoft.playwright.TimeoutError: Error {
  message='Timeout 30000ms exceeded.
  name='TimeoutError
  stack='TimeoutError: Timeout 30000ms exceeded.
    at ProgressController.run (C:\Users\gauta\AppData\Local\Temp\playwright-java-189160567917063070\package\lib\server\progress.js:75:26)
    at Frame.type (C:\Users\gauta\AppData\Local\Temp\playwright-java-189160567917063070\package\lib\server\frames.js:1207:23)
    at FrameDispatcher.type (C:\Users\gauta\AppData\Local\Temp\playwright-java-189160567917063070\package\lib\server\dispatchers\frameDispatcher.js:248:30)
    at FrameDispatcher._handleCommand (C:\Users\gauta\AppData\Local\Temp\playwright-java-189160567917063070\package\lib\server\dispatchers\dispatcher.js:96:40)
    at DispatcherConnection.dispatch (C:\Users\gauta\AppData\Local\Temp\playwright-java-189160567917063070\package\lib\server\dispatchers\dispatcher.js:366:39)
}
Call log:
-   - waiting for getByPlaceholder("Email")

at com.microsoft.playwright.impl.WaitableResult.get(WaitableResult.java:52)
at com.microsoft.playwright.impl.ChannelOwner.runUntil(ChannelOwner.java:132)
at com.microsoft.playwright.impl.Connection.sendMessage(Connection.java:130)
at com.microsoft.playwright.impl.ChannelOwner.sendMessage(ChannelOwner.java:118)
at com.microsoft.playwright.impl.FrameImpl.typeImpl(FrameImpl.java:843)
at com.microsoft.playwright.impl.FrameImpl.lambda$type$40(FrameImpl.java:833)
at com.microsoft.playwright.impl.LoggingSupport.lambda$withLogging$0(LoggingSupport.java:36)
at com.microsoft.playwright.impl.LoggingSupport.withLogging(LoggingSupport.java:47)
at com.microsoft.playwright.impl.ChannelOwner.withLogging(ChannelOwner.java:97)
at com.microsoft.playwright.impl.LoggingSupport.withLogging(LoggingSupport.java:35)
at com.microsoft.playwright.impl.FrameImpl.type(FrameImpl.java:833)
at com.microsoft.playwright.impl.LocatorImpl.type(LocatorImpl.java:614)
at com.microsoft.playwright.Locator.type(Locator.java:5302)
at SettingsPage.settingsTestCasesAndroid.login(settingsTestCasesAndroid.java:39)
at SettingsPage.settingsTestCasesAndroid.changeParentName(settingsTestCasesAndroid.java:76)
at java.base/java.util.ArrayList.forEach(ArrayList.java:1596)
Caused by: com.microsoft.playwright.TimeoutError: Error {
  message='Timeout 30000ms exceeded.
  name='TimeoutError
  stack='TimeoutError: Timeout 30000ms exceeded.
    at ProgressController.run (C:\Users\gauta\AppData\Local\Temp\playwright-java-189160567917063070\package\lib\server\progress.js:75:26)
    at Frame.type (C:\Users\gauta\AppData\Local\Temp\playwright-java-189160567917063070\package\lib\server\frames.js:1207:23)
    at FrameDispatcher.type (C:\Users\gauta\AppData\Local\Temp\playwright-java-189160567917063070\package\lib\server\dispatchers\frameDispatcher.js:248:30)
    at FrameDispatcher._handleCommand (C:\Users\gauta\AppData\Local\Temp\playwright-java-189160567917063070\package\lib\server\dispatchers\dispatcher.js:96:40)
    at DispatcherConnection.dispatch (C:\Users\gauta\AppData\Local\Temp\playwright-java-189160567917063070\package\lib\server\dispatchers\dispatcher.js:366:39)
}
Call log:
-   - waiting for getByPlaceholder("Email")

at com.microsoft.playwright.impl.Connection.dispatch(Connection.java:254)
at com.microsoft.playwright.impl.Connection.processOneMessage(Connection.java:211)
at com.microsoft.playwright.impl.ChannelOwner.runUntil(ChannelOwner.java:130)
... 43 more
... Removed 29 stack frames]]>
    </failure>
  </testcase> <!-- changeParentName -->
</testsuite> <!-- Android Tests -->
