<?xml version="1.0" encoding="UTF-8"?>
<!-- Generated by org.testng.reporters.JUnitXMLReporter -->
<testsuite ignored="0" hostname="Gautam" failures="2" tests="10" name="iPhone Tests" time="136.803" errors="0" timestamp="2025-04-29T17:53:08 IST">
  <testcase classname="homeTestCases.navigationsIphone" name="chooseReward" time="20.505"/>
  <testcase classname="homeTestCases.navigationsIphone" name="gameRules" time="0.421"/>
  <testcase classname="homeTestCases.navigationsIphone" name="historyPage" time="2.277"/>
  <testcase classname="homeTestCases.navigationsIphone" name="storeNavigation" time="5.104"/>
  <testcase classname="homeTestCases.navigationsIphone" name="settingsNavigations" time="0.804"/>
  <testcase classname="gamePage.clickingBrushOrFlossIphone" name="loginAndCreateChildIfNotExists" time="19.371"/>
  <testcase classname="gamePage.clickingBrushOrFlossIphone" name="clickingOnActivities" time="7.63"/>
  <testcase classname="LoginPage.LoginTestConsumerIphone" name="oldUserLoginAddChild" time="23.913"/>
  <testcase classname="SettingsPage.settingsTestCasesIphone" name="login" time="23.8">
    <failure type="java.lang.AssertionError" message="Child name is wrong expected [true] but found [false]">
      <![CDATA[java.lang.AssertionError: Child name is wrong expected [true] but found [false]
at SettingsPage.settingsTestCasesIphone.login(settingsTestCasesIphone.java:109)
at java.base/java.util.ArrayList.forEach(ArrayList.java:1596)
... Removed 32 stack frames]]>
    </failure>
  </testcase> <!-- login -->
  <testcase classname="SettingsPage.settingsTestCasesIphone" name="changeParentName" time="30.321">
    <failure type="com.microsoft.playwright.TimeoutError" message="Error {
  message=&amp;apos;Timeout 30000ms exceeded.
  name=&amp;apos;TimeoutError
  stack=&amp;apos;TimeoutError: Timeout 30000ms exceeded.
    at ProgressController.run (C:\Users\gauta\AppData\Local\Temp\playwright-java-189160567917063070\package\lib\server\progress.js:75:26)
    at Frame.type (C:\Users\gauta\AppData\Local\Temp\playwright-java-189160567917063070\package\lib\server\frames.js:1207:23)
    at FrameDispatcher.type (C:\Users\gauta\AppData\Local\Temp\playwright-java-189160567917063070\package\lib\server\dispatchers\frameDispatcher.js:248:30)
    at FrameDispatcher._handleCommand (C:\Users\gauta\AppData\Local\Temp\playwright-java-189160567917063070\package\lib\server\dispatchers\dispatcher.js:96:40)
    at DispatcherConnection.dispatch (C:\Users\gauta\AppData\Local\Temp\playwright-java-189160567917063070\package\lib\server\dispatchers\dispatcher.js:366:39)
}
Call log:
-   - waiting for getByPlaceholder(&amp;quot;Email&amp;quot;)
">
      <![CDATA[com.microsoft.playwright.TimeoutError: Error {
  message='Timeout 30000ms exceeded.
  name='TimeoutError
  stack='TimeoutError: Timeout 30000ms exceeded.
    at ProgressController.run (C:\Users\gauta\AppData\Local\Temp\playwright-java-189160567917063070\package\lib\server\progress.js:75:26)
    at Frame.type (C:\Users\gauta\AppData\Local\Temp\playwright-java-189160567917063070\package\lib\server\frames.js:1207:23)
    at FrameDispatcher.type (C:\Users\gauta\AppData\Local\Temp\playwright-java-189160567917063070\package\lib\server\dispatchers\frameDispatcher.js:248:30)
    at FrameDispatcher._handleCommand (C:\Users\gauta\AppData\Local\Temp\playwright-java-189160567917063070\package\lib\server\dispatchers\dispatcher.js:96:40)
    at DispatcherConnection.dispatch (C:\Users\gauta\AppData\Local\Temp\playwright-java-189160567917063070\package\lib\server\dispatchers\dispatcher.js:366:39)
}
Call log:
-   - waiting for getByPlaceholder("Email")

at com.microsoft.playwright.impl.WaitableResult.get(WaitableResult.java:52)
at com.microsoft.playwright.impl.ChannelOwner.runUntil(ChannelOwner.java:132)
at com.microsoft.playwright.impl.Connection.sendMessage(Connection.java:130)
at com.microsoft.playwright.impl.ChannelOwner.sendMessage(ChannelOwner.java:118)
at com.microsoft.playwright.impl.FrameImpl.typeImpl(FrameImpl.java:843)
at com.microsoft.playwright.impl.FrameImpl.lambda$type$40(FrameImpl.java:833)
at com.microsoft.playwright.impl.LoggingSupport.lambda$withLogging$0(LoggingSupport.java:36)
at com.microsoft.playwright.impl.LoggingSupport.withLogging(LoggingSupport.java:47)
at com.microsoft.playwright.impl.ChannelOwner.withLogging(ChannelOwner.java:97)
at com.microsoft.playwright.impl.LoggingSupport.withLogging(LoggingSupport.java:35)
at com.microsoft.playwright.impl.FrameImpl.type(FrameImpl.java:833)
at com.microsoft.playwright.impl.LocatorImpl.type(LocatorImpl.java:614)
at com.microsoft.playwright.Locator.type(Locator.java:5302)
at SettingsPage.settingsTestCasesIphone.login(settingsTestCasesIphone.java:53)
at SettingsPage.settingsTestCasesIphone.changeParentName(settingsTestCasesIphone.java:123)
at java.base/java.util.ArrayList.forEach(ArrayList.java:1596)
Caused by: com.microsoft.playwright.TimeoutError: Error {
  message='Timeout 30000ms exceeded.
  name='TimeoutError
  stack='TimeoutError: Timeout 30000ms exceeded.
    at ProgressController.run (C:\Users\gauta\AppData\Local\Temp\playwright-java-189160567917063070\package\lib\server\progress.js:75:26)
    at Frame.type (C:\Users\gauta\AppData\Local\Temp\playwright-java-189160567917063070\package\lib\server\frames.js:1207:23)
    at FrameDispatcher.type (C:\Users\gauta\AppData\Local\Temp\playwright-java-189160567917063070\package\lib\server\dispatchers\frameDispatcher.js:248:30)
    at FrameDispatcher._handleCommand (C:\Users\gauta\AppData\Local\Temp\playwright-java-189160567917063070\package\lib\server\dispatchers\dispatcher.js:96:40)
    at DispatcherConnection.dispatch (C:\Users\gauta\AppData\Local\Temp\playwright-java-189160567917063070\package\lib\server\dispatchers\dispatcher.js:366:39)
}
Call log:
-   - waiting for getByPlaceholder("Email")

at com.microsoft.playwright.impl.Connection.dispatch(Connection.java:254)
at com.microsoft.playwright.impl.Connection.processOneMessage(Connection.java:211)
at com.microsoft.playwright.impl.ChannelOwner.runUntil(ChannelOwner.java:130)
... 43 more
... Removed 29 stack frames]]>
    </failure>
  </testcase> <!-- changeParentName -->
</testsuite> <!-- iPhone Tests -->
