<?xml version="1.0" encoding="UTF-8"?>
<testsuite xmlns:xsi="http://www.w3.org/2001/XMLSchema-instance" xsi:noNamespaceSchemaLocation="https://maven.apache.org/surefire/maven-surefire-plugin/xsd/surefire-test-report.xsd" version="3.0.2" name="homeTestCases.navigations" time="44.387" tests="1" errors="0" skipped="0" failures="0">
  <properties>
[...]
</properties>
  <testcase name="runNavigationTests" classname="homeTestCases.navigations" time="38.258">
    <system-out><![CDATA[Points History diplayed for 1st child!
Points History diplayed for 2nd child!
]]></system-out>
    <system-err><![CDATA[Apr 29, 2025 2:28:55 PM homeTestCases.navigations login
INFO: Starting browser and Test Case
Apr 29, 2025 2:28:57 PM homeTestCases.navigations login
INFO: Login Page Opened
Apr 29, 2025 2:29:02 PM homeTestCases.navigations login
INFO: Getting Otp and filling
Apr 29, 2025 2:29:13 PM homeTestCases.navigations login
INFO: Otp is Veified
Apr 29, 2025 2:29:23 PM homeTestCases.navigations login
INFO: Verifying the Name of child and URL is correct
Apr 29, 2025 2:29:23 PM homeTestCases.navigations login
INFO: Login Success!!!!
Apr 29, 2025 2:29:23 PM homeTestCases.navigations chooseReward
INFO: Starting chooseReward Test Case!!!
Apr 29, 2025 2:29:24 PM homeTestCases.navigations chooseReward
INFO: chooseReward Test Case Passed!!!
Apr 29, 2025 2:29:24 PM homeTestCases.navigations gameRules
INFO: Starting game rules Test Case!!!
Apr 29, 2025 2:29:24 PM homeTestCases.navigations gameRules
INFO: Content Verified on Game Rules page
Apr 29, 2025 2:29:24 PM homeTestCases.navigations gameRules
INFO: game rules Test Case Passed!!!
Apr 29, 2025 2:29:24 PM homeTestCases.navigations historyPage
INFO: Starting historyPage Test Case!!!
Apr 29, 2025 2:29:25 PM homeTestCases.navigations historyPage
INFO: We are on History Page
Apr 29, 2025 2:29:25 PM homeTestCases.navigations historyPage
INFO: Checking for first Child Points History
Apr 29, 2025 2:29:27 PM homeTestCases.navigations historyPage
INFO: Checking for second Child Points History
Apr 29, 2025 2:29:27 PM homeTestCases.navigations historyPage
INFO: historyPage Test Case Passed!!!
Apr 29, 2025 2:29:27 PM homeTestCases.navigations storeNavigation
INFO: Starting storeNavigation Test Case!!!
Apr 29, 2025 2:29:27 PM homeTestCases.navigations storeNavigation
INFO: We are on Store Page
Apr 29, 2025 2:29:32 PM homeTestCases.navigations settingsNavigations
INFO: Starting settingsNavigations Test Case!!!
Apr 29, 2025 2:29:33 PM homeTestCases.navigations settingsNavigations
INFO: We are on Settings Page
Apr 29, 2025 2:29:33 PM homeTestCases.navigations settingsNavigations
INFO: We are able to navigate on accountInfo 
Apr 29, 2025 2:29:33 PM homeTestCases.navigations settingsNavigations
INFO: We are able to navigate on childrenInfo 
Apr 29, 2025 2:29:33 PM homeTestCases.navigations settingsNavigations
INFO: settingsNavigations Test Case Passed!!!
]]></system-err>
  </testcase>
</testsuite>