<?xml version="1.0" encoding="UTF-8"?>
<testng-results ignored="0" total="5" passed="5" failed="0" skipped="0">
  <reporter-output>
  </reporter-output>
  <suite started-at="2025-04-29T17:55:55 IST" name="Default suite" finished-at="2025-04-29T17:56:30 IST" duration-ms="35191">
    <groups>
    </groups>
    <test started-at="2025-04-29T17:55:55 IST" name="Default test" finished-at="2025-04-29T17:56:30 IST" duration-ms="35191">
      <class name="homeTestCases.navigationsIphone">
        <test-method is-config="true" signature="setUp()[pri:0, instance:homeTestCases.navigationsIphone@4218d6a3]" started-at="2025-04-29T17:55:55 IST" name="setUp" finished-at="2025-04-29T17:56:01 IST" duration-ms="6095" status="PASS">
          <reporter-output>
          </reporter-output>
        </test-method> <!-- setUp -->
        <test-method signature="chooseReward()[pri:1, instance:homeTestCases.navigationsIphone@4218d6a3]" started-at="2025-04-29T17:56:01 IST" name="chooseReward" finished-at="2025-04-29T17:56:21 IST" duration-ms="20048" status="PASS">
          <reporter-output>
          </reporter-output>
        </test-method> <!-- chooseReward -->
        <test-method signature="gameRules()[pri:2, instance:homeTestCases.navigationsIphone@4218d6a3]" started-at="2025-04-29T17:56:21 IST" name="gameRules" finished-at="2025-04-29T17:56:21 IST" duration-ms="419" status="PASS">
          <reporter-output>
          </reporter-output>
        </test-method> <!-- gameRules -->
        <test-method signature="historyPage()[pri:3, instance:homeTestCases.navigationsIphone@4218d6a3]" started-at="2025-04-29T17:56:22 IST" name="historyPage" finished-at="2025-04-29T17:56:24 IST" duration-ms="2261" status="PASS">
          <reporter-output>
          </reporter-output>
        </test-method> <!-- historyPage -->
        <test-method signature="storeNavigation()[pri:4, instance:homeTestCases.navigationsIphone@4218d6a3]" started-at="2025-04-29T17:56:24 IST" name="storeNavigation" finished-at="2025-04-29T17:56:29 IST" duration-ms="5137" status="PASS">
          <reporter-output>
          </reporter-output>
        </test-method> <!-- storeNavigation -->
        <test-method signature="settingsNavigations()[pri:5, instance:homeTestCases.navigationsIphone@4218d6a3]" started-at="2025-04-29T17:56:29 IST" name="settingsNavigations" finished-at="2025-04-29T17:56:30 IST" duration-ms="897" status="PASS">
          <reporter-output>
          </reporter-output>
        </test-method> <!-- settingsNavigations -->
        <test-method is-config="true" signature="tearDown()[pri:0, instance:homeTestCases.navigationsIphone@4218d6a3]" started-at="2025-04-29T17:56:30 IST" name="tearDown" finished-at="2025-04-29T17:56:30 IST" duration-ms="293" status="PASS">
          <reporter-output>
          </reporter-output>
        </test-method> <!-- tearDown -->
      </class> <!-- homeTestCases.navigationsIphone -->
    </test> <!-- Default test -->
  </suite> <!-- Default suite -->
</testng-results>
